/*C1*/SET SCHEMA SYSTEM_LOBS
INSERT INTO BLOCKS VALUES(0,2147483647,0)
COMMIT
/*C2*/SET SCHEMA PUBLIC
create table cities (city_id bigint not null, name varchar(255) not null, primary key (city_id))
create table districts (district_id bigint not null, cityid bigint, name varchar(255) not null, primary key (district_id))
create table students (id bigint generated by default as identity (start with 1), city varchar(255) not null, description varchar(255), district varchar(255) not null, mobil_phone_number varchar(255) not null, name varchar(255) not null, surname varchar(255) not null, primary key (id))
INSERT INTO CITIES VALUES(15,'BURDUR')
COMMIT
INSERT INTO CITIES VALUES(26,'ESK\u0130\u015eEH\u0130R')
COMMIT
INSERT INTO CITIES VALUES(18,'\u00c7ANKIRI')
COMMIT
INSERT INTO CITIES VALUES(80,'OSMAN\u0130YE')
COMMIT
INSERT INTO CITIES VALUES(41,'KOCAEL\u0130')
COMMIT
INSERT INTO CITIES VALUES(27,'GAZ\u0130ANTEP')
COMMIT
INSERT INTO CITIES VALUES(31,'HATAY')
COMMIT
INSERT INTO CITIES VALUES(38,'KAYSER\u0130')
COMMIT
INSERT INTO CITIES VALUES(29,'G\u00dcM\u00dc\u015eHANE')
COMMIT
INSERT INTO CITIES VALUES(54,'SAKARYA')
COMMIT
INSERT INTO CITIES VALUES(16,'BURSA')
COMMIT
INSERT INTO CITIES VALUES(69,'BAYBURT')
COMMIT
INSERT INTO CITIES VALUES(17,'\u00c7ANAKKALE')
COMMIT
INSERT INTO CITIES VALUES(57,'S\u0130NOP')
COMMIT
INSERT INTO CITIES VALUES(74,'BARTIN')
COMMIT
INSERT INTO CITIES VALUES(503,'MA\u011eUSA (KIBRIS)')
COMMIT
INSERT INTO CITIES VALUES(33,'MERS\u0130N')
COMMIT
INSERT INTO CITIES VALUES(51,'N\u0130\u011eDE')
COMMIT
INSERT INTO CITIES VALUES(42,'KONYA')
COMMIT
INSERT INTO CITIES VALUES(60,'TOKAT')
COMMIT
INSERT INTO CITIES VALUES(2,'ADIYAMAN')
COMMIT
INSERT INTO CITIES VALUES(6,'ANKARA')
COMMIT
INSERT INTO CITIES VALUES(66,'YOZGAT')
COMMIT
INSERT INTO CITIES VALUES(52,'ORDU')
COMMIT
INSERT INTO CITIES VALUES(53,'R\u0130ZE')
COMMIT
INSERT INTO CITIES VALUES(1,'ADANA')
COMMIT
INSERT INTO CITIES VALUES(40,'KIR\u015eEH\u0130R')
COMMIT
INSERT INTO CITIES VALUES(76,'I\u011eDIR')
COMMIT
INSERT INTO CITIES VALUES(45,'MAN\u0130SA')
COMMIT
INSERT INTO CITIES VALUES(21,'D\u0130YARBAKIR')
COMMIT
INSERT INTO CITIES VALUES(64,'U\u015eAK')
COMMIT
INSERT INTO CITIES VALUES(501,'LEFKO\u015eE (KIBRIS)')
COMMIT
INSERT INTO CITIES VALUES(5,'AMASYA')
COMMIT
INSERT INTO CITIES VALUES(24,'ERZ\u0130NCAN')
COMMIT
INSERT INTO CITIES VALUES(32,'ISPARTA')
COMMIT
INSERT INTO CITIES VALUES(502,'G\u0130RNE (KIBRIS)')
COMMIT
INSERT INTO CITIES VALUES(23,'ELAZI\u011e')
COMMIT
INSERT INTO CITIES VALUES(78,'KARAB\u00dcK')
COMMIT
INSERT INTO CITIES VALUES(30,'HAKKAR\u0130')
COMMIT
INSERT INTO CITIES VALUES(36,'KARS')
COMMIT
INSERT INTO CITIES VALUES(67,'ZONGULDAK')
COMMIT
INSERT INTO CITIES VALUES(68,'AKSARAY')
COMMIT
INSERT INTO CITIES VALUES(44,'MALATYA')
COMMIT
INSERT INTO CITIES VALUES(10,'BALIKES\u0130R')
COMMIT
INSERT INTO CITIES VALUES(20,'DEN\u0130ZL\u0130')
COMMIT
INSERT INTO CITIES VALUES(49,'MU\u015e')
COMMIT
INSERT INTO CITIES VALUES(73,'\u015eIRNAK')
COMMIT
INSERT INTO CITIES VALUES(48,'MU\u011eLA')
COMMIT
INSERT INTO CITIES VALUES(59,'TEK\u0130RDA\u011e')
COMMIT
INSERT INTO CITIES VALUES(39,'KIRKLAREL\u0130')
COMMIT
INSERT INTO CITIES VALUES(56,'S\u0130\u0130RT')
COMMIT
INSERT INTO CITIES VALUES(28,'G\u0130RESUN')
COMMIT
INSERT INTO CITIES VALUES(63,'\u015eANLIURFA')
COMMIT
INSERT INTO CITIES VALUES(9,'AYDIN')
COMMIT
INSERT INTO CITIES VALUES(72,'BATMAN')
COMMIT
INSERT INTO CITIES VALUES(13,'B\u0130TL\u0130S')
COMMIT
INSERT INTO CITIES VALUES(3,'AFYONKARAH\u0130SAR')
COMMIT
INSERT INTO CITIES VALUES(8,'ARTV\u0130N')
COMMIT
INSERT INTO CITIES VALUES(4,'A\u011eRI')
COMMIT
INSERT INTO CITIES VALUES(77,'YALOVA')
COMMIT
INSERT INTO CITIES VALUES(50,'NEV\u015eEH\u0130R')
COMMIT
INSERT INTO CITIES VALUES(61,'TRABZON')
COMMIT
INSERT INTO CITIES VALUES(58,'S\u0130VAS')
COMMIT
INSERT INTO CITIES VALUES(7,'ANTALYA')
COMMIT
INSERT INTO CITIES VALUES(37,'KASTAMONU')
COMMIT
INSERT INTO CITIES VALUES(47,'MARD\u0130N')
COMMIT
INSERT INTO CITIES VALUES(46,'KAHRAMANMARA\u015e')
COMMIT
INSERT INTO CITIES VALUES(25,'ERZURUM')
COMMIT
INSERT INTO CITIES VALUES(75,'ARDAHAN')
COMMIT
INSERT INTO CITIES VALUES(81,'D\u00dcZCE')
COMMIT
INSERT INTO CITIES VALUES(55,'SAMSUN')
COMMIT
INSERT INTO CITIES VALUES(19,'\u00c7ORUM')
COMMIT
INSERT INTO CITIES VALUES(65,'VAN')
COMMIT
INSERT INTO CITIES VALUES(14,'BOLU')
COMMIT
INSERT INTO CITIES VALUES(43,'K\u00dcTAHYA')
COMMIT
INSERT INTO CITIES VALUES(11,'B\u0130LEC\u0130K')
COMMIT
INSERT INTO CITIES VALUES(34,'\u0130STANBUL')
COMMIT
INSERT INTO CITIES VALUES(79,'K\u0130L\u0130S')
COMMIT
INSERT INTO CITIES VALUES(62,'TUNCEL\u0130')
COMMIT
INSERT INTO CITIES VALUES(12,'B\u0130NG\u00d6L')
COMMIT
INSERT INTO CITIES VALUES(22,'ED\u0130RNE')
COMMIT
INSERT INTO CITIES VALUES(71,'KIRIKKALE')
COMMIT
INSERT INTO CITIES VALUES(70,'KARAMAN')
COMMIT
INSERT INTO CITIES VALUES(35,'\u0130ZM\u0130R')
COMMIT
INSERT INTO DISTRICTS VALUES(1757,1,'ALADA\u011e')
COMMIT
INSERT INTO DISTRICTS VALUES(1219,1,'CEYHAN')
COMMIT
INSERT INTO DISTRICTS VALUES(2033,1,'\u00c7UKUROVA')
COMMIT
INSERT INTO DISTRICTS VALUES(1329,1,'FEKE')
COMMIT
INSERT INTO DISTRICTS VALUES(1806,1,'\u0130MAMO\u011eLU')
COMMIT
INSERT INTO DISTRICTS VALUES(1437,1,'KARA\u0130SALI')
COMMIT
INSERT INTO DISTRICTS VALUES(1443,1,'KARATA\u015e')
COMMIT
INSERT INTO DISTRICTS VALUES(1486,1,'KOZAN')
COMMIT
INSERT INTO DISTRICTS VALUES(1580,1,'POZANTI')
COMMIT
INSERT INTO DISTRICTS VALUES(1588,1,'SA\u0130MBEYL\u0130')
COMMIT
INSERT INTO DISTRICTS VALUES(2032,1,'SARI\u00c7AM')
COMMIT
INSERT INTO DISTRICTS VALUES(1104,1,'SEYHAN')
COMMIT
INSERT INTO DISTRICTS VALUES(1687,1,'TUFANBEYL\u0130')
COMMIT
INSERT INTO DISTRICTS VALUES(1734,1,'YUMURTALIK')
COMMIT
INSERT INTO DISTRICTS VALUES(1748,1,'Y\u00dcRE\u011e\u0130R')
COMMIT
INSERT INTO DISTRICTS VALUES(1182,2,'BESN\u0130')
COMMIT
INSERT INTO DISTRICTS VALUES(1246,2,'\u00c7EL\u0130KHAN')
COMMIT
INSERT INTO DISTRICTS VALUES(1347,2,'GERGER')
COMMIT
INSERT INTO DISTRICTS VALUES(1354,2,'G\u00d6LBA\u015eI')
COMMIT
INSERT INTO DISTRICTS VALUES(1425,2,'KAHTA')
COMMIT
INSERT INTO DISTRICTS VALUES(1105,2,'MERKEZ')
COMMIT
INSERT INTO DISTRICTS VALUES(1592,2,'SAMSAT')
COMMIT
INSERT INTO DISTRICTS VALUES(1985,2,'S\u0130NC\u0130K')
COMMIT
INSERT INTO DISTRICTS VALUES(1989,2,'TUT')
COMMIT
INSERT INTO DISTRICTS VALUES(1771,3,'BA\u015eMAK\u00c7I')
COMMIT
INSERT INTO DISTRICTS VALUES(1773,3,'BAYAT')
COMMIT
INSERT INTO DISTRICTS VALUES(1200,3,'BOLVAD\u0130N')
COMMIT
INSERT INTO DISTRICTS VALUES(1239,3,'\u00c7AY')
COMMIT
INSERT INTO DISTRICTS VALUES(1906,3,'\u00c7OBANLAR')
COMMIT
INSERT INTO DISTRICTS VALUES(1267,3,'DAZKIRI')
COMMIT
INSERT INTO DISTRICTS VALUES(1281,3,'D\u0130NAR')
COMMIT
INSERT INTO DISTRICTS VALUES(1306,3,'EM\u0130RDA\u011e')
COMMIT
INSERT INTO DISTRICTS VALUES(1923,3,'EVC\u0130LER')
COMMIT
INSERT INTO DISTRICTS VALUES(1944,3,'HOCALAR')
COMMIT
INSERT INTO DISTRICTS VALUES(1404,3,'\u0130HSAN\u0130YE')
COMMIT
INSERT INTO DISTRICTS VALUES(1809,3,'\u0130SCEH\u0130SAR')
COMMIT
INSERT INTO DISTRICTS VALUES(1961,3,'KIZIL\u00d6REN')
COMMIT
INSERT INTO DISTRICTS VALUES(1108,3,'MERKEZ')
COMMIT
INSERT INTO DISTRICTS VALUES(1594,3,'SANDIKLI')
COMMIT
INSERT INTO DISTRICTS VALUES(1626,3,'S\u0130NANPA\u015eA')
COMMIT
INSERT INTO DISTRICTS VALUES(1639,3,'SULTANDA\u011eI')
COMMIT
INSERT INTO DISTRICTS VALUES(1664,3,'\u015eUHUT')
COMMIT
INSERT INTO DISTRICTS VALUES(1283,4,'D\u0130YAD\u0130N')
COMMIT
INSERT INTO DISTRICTS VALUES(1287,4,'DO\u011eUBAYAZIT')
COMMIT
INSERT INTO DISTRICTS VALUES(1301,4,'ELE\u015eK\u0130RT')
COMMIT
INSERT INTO DISTRICTS VALUES(1379,4,'HAMUR')
COMMIT
INSERT INTO DISTRICTS VALUES(1111,4,'MERKEZ')
COMMIT
INSERT INTO DISTRICTS VALUES(1568,4,'PATNOS')
COMMIT
INSERT INTO DISTRICTS VALUES(1667,4,'TA\u015eLI\u00c7AY')
COMMIT
INSERT INTO DISTRICTS VALUES(1691,4,'TUTAK')
COMMIT
INSERT INTO DISTRICTS VALUES(1363,5,'G\u00d6YN\u00dcCEK')
COMMIT
INSERT INTO DISTRICTS VALUES(1368,5,'G\u00dcM\u00dc\u015eHACIK\u00d6Y')
COMMIT
INSERT INTO DISTRICTS VALUES(1938,5,'HAMAM\u00d6Z\u00dc')
COMMIT
INSERT INTO DISTRICTS VALUES(1134,5,'MERKEZ')
COMMIT
INSERT INTO DISTRICTS VALUES(1524,5,'MERZ\u0130FON')
COMMIT
INSERT INTO DISTRICTS VALUES(1641,5,'SULUOVA')
COMMIT
INSERT INTO DISTRICTS VALUES(1668,5,'TA\u015eOVA')
COMMIT
INSERT INTO DISTRICTS VALUES(1872,6,'AKYURT')
COMMIT
INSERT INTO DISTRICTS VALUES(1130,6,'ALTINDA\u011e')
COMMIT
INSERT INTO DISTRICTS VALUES(1157,6,'AYA\u015e')
COMMIT
INSERT INTO DISTRICTS VALUES(1167,6,'BALA')
COMMIT
INSERT INTO DISTRICTS VALUES(1187,6,'BEYPAZARI')
COMMIT
INSERT INTO DISTRICTS VALUES(1227,6,'\u00c7AMLIDERE')
COMMIT
INSERT INTO DISTRICTS VALUES(1231,6,'\u00c7ANKAYA')
COMMIT
INSERT INTO DISTRICTS VALUES(1260,6,'\u00c7UBUK')
COMMIT
INSERT INTO DISTRICTS VALUES(1302,6,'ELMADA\u011e')
COMMIT
INSERT INTO DISTRICTS VALUES(1922,6,'ET\u0130MESGUT')
COMMIT
INSERT INTO DISTRICTS VALUES(1924,6,'EVREN')
COMMIT
INSERT INTO DISTRICTS VALUES(1744,6,'G\u00d6LBA\u015eI')
COMMIT
INSERT INTO DISTRICTS VALUES(1365,6,'G\u00dcD\u00dcL')
COMMIT
INSERT INTO DISTRICTS VALUES(1387,6,'HAYMANA')
COMMIT
INSERT INTO DISTRICTS VALUES(1815,6,'KAHRAMANKAZAN')
COMMIT
INSERT INTO DISTRICTS VALUES(1427,6,'KALEC\u0130K')
COMMIT
INSERT INTO DISTRICTS VALUES(1745,6,'KE\u00c7\u0130\u00d6REN')
COMMIT
INSERT INTO DISTRICTS VALUES(1473,6,'KIZILCAHAMAM')
COMMIT
INSERT INTO DISTRICTS VALUES(1746,6,'MAMAK')
COMMIT
INSERT INTO DISTRICTS VALUES(1539,6,'NALLIHAN')
COMMIT
INSERT INTO DISTRICTS VALUES(1578,6,'POLATLI')
COMMIT
INSERT INTO DISTRICTS VALUES(2034,6,'PURSAKLAR')
COMMIT
INSERT INTO DISTRICTS VALUES(1747,6,'S\u0130NCAN')
COMMIT
INSERT INTO DISTRICTS VALUES(1658,6,'\u015eEREFL\u0130KO\u00c7H\u0130SAR')
COMMIT
INSERT INTO DISTRICTS VALUES(1723,6,'YEN\u0130MAHALLE')
COMMIT
INSERT INTO DISTRICTS VALUES(1121,7,'AKSEK\u0130')
COMMIT
INSERT INTO DISTRICTS VALUES(2035,7,'AKSU')
COMMIT
INSERT INTO DISTRICTS VALUES(1126,7,'ALANYA')
COMMIT
INSERT INTO DISTRICTS VALUES(1811,7,'DEMRE')
COMMIT
INSERT INTO DISTRICTS VALUES(2036,7,'D\u00d6\u015eEMEALTI')
COMMIT
INSERT INTO DISTRICTS VALUES(1303,7,'ELMALI')
COMMIT
INSERT INTO DISTRICTS VALUES(1333,7,'F\u0130N\u0130KE')
COMMIT
INSERT INTO DISTRICTS VALUES(1337,7,'GAZ\u0130PA\u015eA')
COMMIT
INSERT INTO DISTRICTS VALUES(1370,7,'G\u00dcNDO\u011eMU\u015e')
COMMIT
INSERT INTO DISTRICTS VALUES(1946,7,'\u0130BRADI')
COMMIT
INSERT INTO DISTRICTS VALUES(1451,7,'KA\u015e')
COMMIT
INSERT INTO DISTRICTS VALUES(1959,7,'KEMER')
COMMIT
INSERT INTO DISTRICTS VALUES(2037,7,'KEPEZ')
COMMIT
INSERT INTO DISTRICTS VALUES(2038,7,'KONYAALTI')
COMMIT
INSERT INTO DISTRICTS VALUES(1483,7,'KORKUTEL\u0130')
COMMIT
INSERT INTO DISTRICTS VALUES(1492,7,'KUMLUCA')
COMMIT
INSERT INTO DISTRICTS VALUES(1512,7,'MANAVGAT')
COMMIT
INSERT INTO DISTRICTS VALUES(2039,7,'MURATPA\u015eA')
COMMIT
INSERT INTO DISTRICTS VALUES(1616,7,'SER\u0130K')
COMMIT
INSERT INTO DISTRICTS VALUES(1145,8,'ARDANU\u00c7')
COMMIT
INSERT INTO DISTRICTS VALUES(1147,8,'ARHAV\u0130')
COMMIT
INSERT INTO DISTRICTS VALUES(1202,8,'BOR\u00c7KA')
COMMIT
INSERT INTO DISTRICTS VALUES(1395,8,'HOPA')
COMMIT
INSERT INTO DISTRICTS VALUES(2105,8,'KEMALPA\u015eA')
COMMIT
INSERT INTO DISTRICTS VALUES(1152,8,'MERKEZ')
COMMIT
INSERT INTO DISTRICTS VALUES(1828,8,'MURGUL')
COMMIT
INSERT INTO DISTRICTS VALUES(1653,8,'\u015eAV\u015eAT')
COMMIT
INSERT INTO DISTRICTS VALUES(1736,8,'YUSUFEL\u0130')
COMMIT
INSERT INTO DISTRICTS VALUES(1206,9,'BOZDO\u011eAN')
COMMIT
INSERT INTO DISTRICTS VALUES(1781,9,'BUHARKENT')
COMMIT
INSERT INTO DISTRICTS VALUES(1256,9,'\u00c7\u0130NE')
COMMIT
INSERT INTO DISTRICTS VALUES(2000,9,'D\u0130D\u0130M')
COMMIT
INSERT INTO DISTRICTS VALUES(2076,9,'EFELER')
COMMIT
INSERT INTO DISTRICTS VALUES(1348,9,'GERMENC\u0130K')
COMMIT
INSERT INTO DISTRICTS VALUES(1807,9,'\u0130NC\u0130RL\u0130OVA')
COMMIT
INSERT INTO DISTRICTS VALUES(1435,9,'KARACASU')
COMMIT
INSERT INTO DISTRICTS VALUES(1957,9,'KARPUZLU')
COMMIT
INSERT INTO DISTRICTS VALUES(1479,9,'KO\u00c7ARLI')
COMMIT
INSERT INTO DISTRICTS VALUES(1968,9,'K\u00d6\u015eK')
COMMIT
INSERT INTO DISTRICTS VALUES(1497,9,'KU\u015eADASI')
COMMIT
INSERT INTO DISTRICTS VALUES(1498,9,'KUYUCAK')
COMMIT
INSERT INTO DISTRICTS VALUES(1542,9,'NAZ\u0130LL\u0130')
COMMIT
INSERT INTO DISTRICTS VALUES(1637,9,'S\u00d6KE')
COMMIT
INSERT INTO DISTRICTS VALUES(1640,9,'SULTANH\u0130SAR')
COMMIT
INSERT INTO DISTRICTS VALUES(1724,9,'YEN\u0130PAZAR')
COMMIT
INSERT INTO DISTRICTS VALUES(2077,10,'ALTIEYL\u00dcL')
COMMIT
INSERT INTO DISTRICTS VALUES(1161,10,'AYVALIK')
COMMIT
INSERT INTO DISTRICTS VALUES(1169,10,'BALYA')
COMMIT
INSERT INTO DISTRICTS VALUES(1171,10,'BANDIRMA')
COMMIT
INSERT INTO DISTRICTS VALUES(1191,10,'B\u0130GAD\u0130\u00c7')
COMMIT
INSERT INTO DISTRICTS VALUES(1216,10,'BURHAN\u0130YE')
COMMIT
INSERT INTO DISTRICTS VALUES(1291,10,'DURSUNBEY')
COMMIT
INSERT INTO DISTRICTS VALUES(1294,10,'EDREM\u0130T')
COMMIT
INSERT INTO DISTRICTS VALUES(1310,10,'ERDEK')
COMMIT
INSERT INTO DISTRICTS VALUES(1928,10,'G\u00d6ME\u00c7')
COMMIT
INSERT INTO DISTRICTS VALUES(1360,10,'G\u00d6NEN')
COMMIT
INSERT INTO DISTRICTS VALUES(1384,10,'HAVRAN')
COMMIT
INSERT INTO DISTRICTS VALUES(1418,10,'\u0130VR\u0130ND\u0130')
COMMIT
INSERT INTO DISTRICTS VALUES(2078,10,'KARES\u0130')
COMMIT
INSERT INTO DISTRICTS VALUES(1462,10,'KEPSUT')
COMMIT
INSERT INTO DISTRICTS VALUES(1514,10,'MANYAS')
COMMIT
INSERT INTO DISTRICTS VALUES(1824,10,'MARMARA')
COMMIT
INSERT INTO DISTRICTS VALUES(1608,10,'SAVA\u015eTEPE')
COMMIT
INSERT INTO DISTRICTS VALUES(1619,10,'SINDIRGI')
COMMIT
INSERT INTO DISTRICTS VALUES(1644,10,'SUSURLUK')
COMMIT
INSERT INTO DISTRICTS VALUES(1210,11,'BOZ\u00dcY\u00dcK')
COMMIT
INSERT INTO DISTRICTS VALUES(1359,11,'G\u00d6LPAZARI')
COMMIT
INSERT INTO DISTRICTS VALUES(1948,11,'\u0130NH\u0130SAR')
COMMIT
INSERT INTO DISTRICTS VALUES(1192,11,'MERKEZ')
COMMIT
INSERT INTO DISTRICTS VALUES(1559,11,'OSMANEL\u0130')
COMMIT
INSERT INTO DISTRICTS VALUES(1571,11,'PAZARYER\u0130')
COMMIT
INSERT INTO DISTRICTS VALUES(1636,11,'S\u00d6\u011e\u00dcT')
COMMIT
INSERT INTO DISTRICTS VALUES(1857,11,'YEN\u0130PAZAR')
COMMIT
INSERT INTO DISTRICTS VALUES(1750,12,'ADAKLI')
COMMIT
INSERT INTO DISTRICTS VALUES(1344,12,'GEN\u00c7')
COMMIT
INSERT INTO DISTRICTS VALUES(1446,12,'KARLIOVA')
COMMIT
INSERT INTO DISTRICTS VALUES(1475,12,'K\u0130\u011eI')
COMMIT
INSERT INTO DISTRICTS VALUES(1193,12,'MERKEZ')
COMMIT
INSERT INTO DISTRICTS VALUES(1633,12,'SOLHAN')
COMMIT
INSERT INTO DISTRICTS VALUES(1855,12,'YAYLADERE')
COMMIT
INSERT INTO DISTRICTS VALUES(1996,12,'YED\u0130SU')
COMMIT
INSERT INTO DISTRICTS VALUES(1106,13,'AD\u0130LCEVAZ')
COMMIT
INSERT INTO DISTRICTS VALUES(1112,13,'AHLAT')
COMMIT
INSERT INTO DISTRICTS VALUES(1798,13,'G\u00dcROYMAK')
COMMIT
INSERT INTO DISTRICTS VALUES(1394,13,'H\u0130ZAN')
COMMIT
INSERT INTO DISTRICTS VALUES(1196,13,'MERKEZ')
COMMIT
INSERT INTO DISTRICTS VALUES(1537,13,'MUTK\u0130')
COMMIT
INSERT INTO DISTRICTS VALUES(1669,13,'TATVAN')
COMMIT
INSERT INTO DISTRICTS VALUES(1916,14,'D\u00d6RTD\u0130VAN')
COMMIT
INSERT INTO DISTRICTS VALUES(1346,14,'GEREDE')
COMMIT
INSERT INTO DISTRICTS VALUES(1364,14,'G\u00d6YN\u00dcK')
COMMIT
INSERT INTO DISTRICTS VALUES(1466,14,'KIBRISCIK')
COMMIT
INSERT INTO DISTRICTS VALUES(1522,14,'MENGEN')
COMMIT
INSERT INTO DISTRICTS VALUES(1199,14,'MERKEZ')
COMMIT
INSERT INTO DISTRICTS VALUES(1531,14,'MUDURNU')
COMMIT
INSERT INTO DISTRICTS VALUES(1610,14,'SEBEN')
COMMIT
INSERT INTO DISTRICTS VALUES(1997,14,'YEN\u0130\u00c7A\u011eA')
COMMIT
INSERT INTO DISTRICTS VALUES(1109,15,'A\u011eLASUN')
COMMIT
INSERT INTO DISTRICTS VALUES(1874,15,'ALTINYAYLA')
COMMIT
INSERT INTO DISTRICTS VALUES(1211,15,'BUCAK')
COMMIT
INSERT INTO DISTRICTS VALUES(1899,15,'\u00c7AVDIR')
COMMIT
INSERT INTO DISTRICTS VALUES(1903,15,'\u00c7ELT\u0130K\u00c7\u0130')
COMMIT
INSERT INTO DISTRICTS VALUES(1357,15,'G\u00d6LH\u0130SAR')
COMMIT
INSERT INTO DISTRICTS VALUES(1813,15,'KARAMANLI')
COMMIT
INSERT INTO DISTRICTS VALUES(1816,15,'KEMER')
COMMIT
INSERT INTO DISTRICTS VALUES(1215,15,'MERKEZ')
COMMIT
INSERT INTO DISTRICTS VALUES(1672,15,'TEFENN\u0130')
COMMIT
INSERT INTO DISTRICTS VALUES(1728,15,'YE\u015e\u0130LOVA')
COMMIT
INSERT INTO DISTRICTS VALUES(1783,16,'B\u00dcY\u00dcKORHAN')
COMMIT
INSERT INTO DISTRICTS VALUES(1343,16,'GEML\u0130K')
COMMIT
INSERT INTO DISTRICTS VALUES(1935,16,'G\u00dcRSU')
COMMIT
INSERT INTO DISTRICTS VALUES(1799,16,'HARMANCIK')
COMMIT
INSERT INTO DISTRICTS VALUES(1411,16,'\u0130NEG\u00d6L')
COMMIT
INSERT INTO DISTRICTS VALUES(1420,16,'\u0130ZN\u0130K')
COMMIT
INSERT INTO DISTRICTS VALUES(1434,16,'KARACABEY')
COMMIT
INSERT INTO DISTRICTS VALUES(1457,16,'KELES')
COMMIT
INSERT INTO DISTRICTS VALUES(1960,16,'KESTEL')
COMMIT
INSERT INTO DISTRICTS VALUES(1530,16,'MUDANYA')
COMMIT
INSERT INTO DISTRICTS VALUES(1535,16,'MUSTAFAKEMALPA\u015eA')
COMMIT
INSERT INTO DISTRICTS VALUES(1829,16,'N\u0130L\u00dcFER')
COMMIT
INSERT INTO DISTRICTS VALUES(1553,16,'ORHANEL\u0130')
COMMIT
INSERT INTO DISTRICTS VALUES(1554,16,'ORHANGAZ\u0130')
COMMIT
INSERT INTO DISTRICTS VALUES(1832,16,'OSMANGAZ\u0130')
COMMIT
INSERT INTO DISTRICTS VALUES(1725,16,'YEN\u0130\u015eEH\u0130R')
COMMIT
INSERT INTO DISTRICTS VALUES(1859,16,'YILDIRIM')
COMMIT
INSERT INTO DISTRICTS VALUES(1160,17,'AYVACIK')
COMMIT
INSERT INTO DISTRICTS VALUES(1180,17,'BAYRAM\u0130\u00c7')
COMMIT
INSERT INTO DISTRICTS VALUES(1190,17,'B\u0130GA')
COMMIT
INSERT INTO DISTRICTS VALUES(1205,17,'BOZCAADA')
COMMIT
INSERT INTO DISTRICTS VALUES(1229,17,'\u00c7AN')
COMMIT
INSERT INTO DISTRICTS VALUES(1293,17,'ECEABAT')
COMMIT
INSERT INTO DISTRICTS VALUES(1326,17,'EZ\u0130NE')
COMMIT
INSERT INTO DISTRICTS VALUES(1340,17,'GEL\u0130BOLU')
COMMIT
INSERT INTO DISTRICTS VALUES(1408,17,'G\u00d6K\u00c7EADA')
COMMIT
INSERT INTO DISTRICTS VALUES(1503,17,'LAPSEK\u0130')
COMMIT
INSERT INTO DISTRICTS VALUES(1230,17,'MERKEZ')
COMMIT
INSERT INTO DISTRICTS VALUES(1722,17,'YEN\u0130CE')
COMMIT
INSERT INTO DISTRICTS VALUES(1765,18,'ATKARACALAR')
COMMIT
INSERT INTO DISTRICTS VALUES(1885,18,'BAYRAM\u00d6REN')
COMMIT
INSERT INTO DISTRICTS VALUES(1248,18,'\u00c7ERKE\u015e')
COMMIT
INSERT INTO DISTRICTS VALUES(1300,18,'ELD\u0130VAN')
COMMIT
INSERT INTO DISTRICTS VALUES(1399,18,'ILGAZ')
COMMIT
INSERT INTO DISTRICTS VALUES(1817,18,'KIZILIRMAK')
COMMIT
INSERT INTO DISTRICTS VALUES(1963,18,'KORGUN')
COMMIT
INSERT INTO DISTRICTS VALUES(1494,18,'KUR\u015eUNLU')
COMMIT
INSERT INTO DISTRICTS VALUES(1232,18,'MERKEZ')
COMMIT
INSERT INTO DISTRICTS VALUES(1555,18,'ORTA')
COMMIT
INSERT INTO DISTRICTS VALUES(1649,18,'\u015eABAN\u00d6Z\u00dc')
COMMIT
INSERT INTO DISTRICTS VALUES(1718,18,'YAPRAKLI')
COMMIT
INSERT INTO DISTRICTS VALUES(1124,19,'ALACA')
COMMIT
INSERT INTO DISTRICTS VALUES(1177,19,'BAYAT')
COMMIT
INSERT INTO DISTRICTS VALUES(1778,19,'BO\u011eAZKALE')
COMMIT
INSERT INTO DISTRICTS VALUES(1911,19,'DODURGA')
COMMIT
INSERT INTO DISTRICTS VALUES(1414,19,'\u0130SK\u0130L\u0130P')
COMMIT
INSERT INTO DISTRICTS VALUES(1445,19,'KARGI')
COMMIT
INSERT INTO DISTRICTS VALUES(1972,19,'LA\u00c7\u0130N')
COMMIT
INSERT INTO DISTRICTS VALUES(1520,19,'MEC\u0130T\u00d6Z\u00dc')
COMMIT
INSERT INTO DISTRICTS VALUES(1259,19,'MERKEZ')
COMMIT
INSERT INTO DISTRICTS VALUES(1976,19,'O\u011eUZLAR')
COMMIT
INSERT INTO DISTRICTS VALUES(1556,19,'ORTAK\u00d6Y')
COMMIT
INSERT INTO DISTRICTS VALUES(1558,19,'OSMANCIK')
COMMIT
INSERT INTO DISTRICTS VALUES(1642,19,'SUNGURLU')
COMMIT
INSERT INTO DISTRICTS VALUES(1850,19,'U\u011eURLUDA\u011e')
COMMIT
INSERT INTO DISTRICTS VALUES(1102,20,'ACIPAYAM')
COMMIT
INSERT INTO DISTRICTS VALUES(1769,20,'BABADA\u011e')
COMMIT
INSERT INTO DISTRICTS VALUES(1881,20,'BAKLAN')
COMMIT
INSERT INTO DISTRICTS VALUES(1774,20,'BEK\u0130LL\u0130')
COMMIT
INSERT INTO DISTRICTS VALUES(1888,20,'BEYA\u011eA\u00c7')
COMMIT
INSERT INTO DISTRICTS VALUES(1889,20,'BOZKURT')
COMMIT
INSERT INTO DISTRICTS VALUES(1214,20,'BULDAN')
COMMIT
INSERT INTO DISTRICTS VALUES(1224,20,'\u00c7AL')
COMMIT
INSERT INTO DISTRICTS VALUES(1226,20,'\u00c7AMEL\u0130')
COMMIT
INSERT INTO DISTRICTS VALUES(1233,20,'\u00c7ARDAK')
COMMIT
INSERT INTO DISTRICTS VALUES(1257,20,'\u00c7\u0130VR\u0130L')
COMMIT
INSERT INTO DISTRICTS VALUES(1371,20,'G\u00dcNEY')
COMMIT
INSERT INTO DISTRICTS VALUES(1803,20,'HONAZ')
COMMIT
INSERT INTO DISTRICTS VALUES(1426,20,'KALE')
COMMIT
INSERT INTO DISTRICTS VALUES(2079,20,'MERKEZEFEND\u0130')
COMMIT
INSERT INTO DISTRICTS VALUES(1871,20,'PAMUKKALE')
COMMIT
INSERT INTO DISTRICTS VALUES(1597,20,'SARAYK\u00d6Y')
COMMIT
INSERT INTO DISTRICTS VALUES(1840,20,'SER\u0130NH\u0130SAR')
COMMIT
INSERT INTO DISTRICTS VALUES(1670,20,'TAVAS')
COMMIT
INSERT INTO DISTRICTS VALUES(2040,21,'BA\u011eLAR')
COMMIT
INSERT INTO DISTRICTS VALUES(1195,21,'B\u0130SM\u0130L')
COMMIT
INSERT INTO DISTRICTS VALUES(1249,21,'\u00c7ERM\u0130K')
COMMIT
INSERT INTO DISTRICTS VALUES(1253,21,'\u00c7INAR')
COMMIT
INSERT INTO DISTRICTS VALUES(1263,21,'\u00c7\u00dcNG\u00dc\u015e')
COMMIT
INSERT INTO DISTRICTS VALUES(1278,21,'D\u0130CLE')
COMMIT
INSERT INTO DISTRICTS VALUES(1791,21,'E\u011e\u0130L')
COMMIT
INSERT INTO DISTRICTS VALUES(1315,21,'ERGAN\u0130')
COMMIT
INSERT INTO DISTRICTS VALUES(1381,21,'HAN\u0130')
COMMIT
INSERT INTO DISTRICTS VALUES(1389,21,'HAZRO')
COMMIT
INSERT INTO DISTRICTS VALUES(2041,21,'KAYAPINAR')
COMMIT
INSERT INTO DISTRICTS VALUES(1962,21,'KOCAK\u00d6Y')
COMMIT
INSERT INTO DISTRICTS VALUES(1490,21,'KULP')
COMMIT
INSERT INTO DISTRICTS VALUES(1504,21,'L\u0130CE')
COMMIT
INSERT INTO DISTRICTS VALUES(1624,21,'S\u0130LVAN')
COMMIT
INSERT INTO DISTRICTS VALUES(2042,21,'SUR')
COMMIT
INSERT INTO DISTRICTS VALUES(2043,21,'YEN\u0130\u015eEH\u0130R')
COMMIT
INSERT INTO DISTRICTS VALUES(1307,22,'ENEZ')
COMMIT
INSERT INTO DISTRICTS VALUES(1385,22,'HAVSA')
COMMIT
INSERT INTO DISTRICTS VALUES(1412,22,'\u0130PSALA')
COMMIT
INSERT INTO DISTRICTS VALUES(1464,22,'KE\u015eAN')
COMMIT
INSERT INTO DISTRICTS VALUES(1502,22,'LALAPA\u015eA')
COMMIT
INSERT INTO DISTRICTS VALUES(1523,22,'MER\u0130\u00c7')
COMMIT
INSERT INTO DISTRICTS VALUES(1295,22,'MERKEZ')
COMMIT
INSERT INTO DISTRICTS VALUES(1988,22,'S\u00dcLO\u011eLU')
COMMIT
INSERT INTO DISTRICTS VALUES(1705,22,'UZUNK\u00d6PR\u00dc')
COMMIT
INSERT INTO DISTRICTS VALUES(1110,23,'A\u011eIN')
COMMIT
INSERT INTO DISTRICTS VALUES(1873,23,'ALACAKAYA')
COMMIT
INSERT INTO DISTRICTS VALUES(1762,23,'ARICAK')
COMMIT
INSERT INTO DISTRICTS VALUES(1173,23,'BASK\u0130L')
COMMIT
INSERT INTO DISTRICTS VALUES(1438,23,'KARAKO\u00c7AN')
COMMIT
INSERT INTO DISTRICTS VALUES(1455,23,'KEBAN')
COMMIT
INSERT INTO DISTRICTS VALUES(1820,23,'KOVANCILAR')
COMMIT
INSERT INTO DISTRICTS VALUES(1506,23,'MADEN')
COMMIT
INSERT INTO DISTRICTS VALUES(1298,23,'MERKEZ')
COMMIT
INSERT INTO DISTRICTS VALUES(1566,23,'PALU')
COMMIT
INSERT INTO DISTRICTS VALUES(1631,23,'S\u0130VR\u0130CE')
COMMIT
INSERT INTO DISTRICTS VALUES(1243,24,'\u00c7AYIRLI')
COMMIT
INSERT INTO DISTRICTS VALUES(1406,24,'\u0130L\u0130\u00c7')
COMMIT
INSERT INTO DISTRICTS VALUES(1459,24,'KEMAH')
COMMIT
INSERT INTO DISTRICTS VALUES(1460,24,'KEMAL\u0130YE')
COMMIT
INSERT INTO DISTRICTS VALUES(1318,24,'MERKEZ')
COMMIT
INSERT INTO DISTRICTS VALUES(1977,24,'OTLUKBEL\u0130')
COMMIT
INSERT INTO DISTRICTS VALUES(1583,24,'REFAH\u0130YE')
COMMIT
INSERT INTO DISTRICTS VALUES(1675,24,'TERCAN')
COMMIT
INSERT INTO DISTRICTS VALUES(1853,24,'\u00dcZ\u00dcML\u00dc')
COMMIT
INSERT INTO DISTRICTS VALUES(1153,25,'A\u015eKALE')
COMMIT
INSERT INTO DISTRICTS VALUES(1945,25,'AZ\u0130Z\u0130YE')
COMMIT
INSERT INTO DISTRICTS VALUES(1235,25,'\u00c7AT')
COMMIT
INSERT INTO DISTRICTS VALUES(1392,25,'HINIS')
COMMIT
INSERT INTO DISTRICTS VALUES(1396,25,'HORASAN')
COMMIT
INSERT INTO DISTRICTS VALUES(1416,25,'\u0130SP\u0130R')
COMMIT
INSERT INTO DISTRICTS VALUES(1812,25,'KARA\u00c7OBAN')
COMMIT
INSERT INTO DISTRICTS VALUES(1444,25,'KARAYAZI')
COMMIT
INSERT INTO DISTRICTS VALUES(1967,25,'K\u00d6PR\u00dcK\u00d6Y')
COMMIT
INSERT INTO DISTRICTS VALUES(1540,25,'NARMAN')
COMMIT
INSERT INTO DISTRICTS VALUES(1550,25,'OLTU')
COMMIT
INSERT INTO DISTRICTS VALUES(1551,25,'OLUR')
COMMIT
INSERT INTO DISTRICTS VALUES(2044,25,'PALAND\u00d6KEN')
COMMIT
INSERT INTO DISTRICTS VALUES(1567,25,'PAS\u0130NLER')
COMMIT
INSERT INTO DISTRICTS VALUES(1865,25,'PAZARYOLU')
COMMIT
INSERT INTO DISTRICTS VALUES(1657,25,'\u015eENKAYA')
COMMIT
INSERT INTO DISTRICTS VALUES(1674,25,'TEKMAN')
COMMIT
INSERT INTO DISTRICTS VALUES(1683,25,'TORTUM')
COMMIT
INSERT INTO DISTRICTS VALUES(1851,25,'UZUNDERE')
COMMIT
INSERT INTO DISTRICTS VALUES(2045,25,'YAKUT\u0130YE')
COMMIT
INSERT INTO DISTRICTS VALUES(1759,26,'ALPU')
COMMIT
INSERT INTO DISTRICTS VALUES(1777,26,'BEYL\u0130KOVA')
COMMIT
INSERT INTO DISTRICTS VALUES(1255,26,'\u00c7\u0130FTELER')
COMMIT
INSERT INTO DISTRICTS VALUES(1934,26,'G\u00dcNY\u00dcZ\u00dc')
COMMIT
INSERT INTO DISTRICTS VALUES(1939,26,'HAN')
COMMIT
INSERT INTO DISTRICTS VALUES(1808,26,'\u0130N\u00d6N\u00dc')
COMMIT
INSERT INTO DISTRICTS VALUES(1508,26,'MAHMUD\u0130YE')
COMMIT
INSERT INTO DISTRICTS VALUES(1973,26,'M\u0130HALGAZ\u0130')
COMMIT
INSERT INTO DISTRICTS VALUES(1527,26,'M\u0130HALI\u00c7\u00c7IK')
COMMIT
INSERT INTO DISTRICTS VALUES(2046,26,'ODUNPAZARI')
COMMIT
INSERT INTO DISTRICTS VALUES(1599,26,'SARICAKAYA')
COMMIT
INSERT INTO DISTRICTS VALUES(1618,26,'SEY\u0130TGAZ\u0130')
COMMIT
INSERT INTO DISTRICTS VALUES(1632,26,'S\u0130VR\u0130H\u0130SAR')
COMMIT
INSERT INTO DISTRICTS VALUES(2047,26,'TEPEBA\u015eI')
COMMIT
INSERT INTO DISTRICTS VALUES(1139,27,'ARABAN')
COMMIT
INSERT INTO DISTRICTS VALUES(1415,27,'\u0130SLAH\u0130YE')
COMMIT
INSERT INTO DISTRICTS VALUES(1956,27,'KARKAMI\u015e')
COMMIT
INSERT INTO DISTRICTS VALUES(1546,27,'N\u0130Z\u0130P')
COMMIT
INSERT INTO DISTRICTS VALUES(1974,27,'NURDA\u011eI')
COMMIT
INSERT INTO DISTRICTS VALUES(1549,27,'O\u011eUZEL\u0130')
COMMIT
INSERT INTO DISTRICTS VALUES(1841,27,'\u015eAH\u0130NBEY')
COMMIT
INSERT INTO DISTRICTS VALUES(1844,27,'\u015eEH\u0130TKAM\u0130L')
COMMIT
INSERT INTO DISTRICTS VALUES(1720,27,'YAVUZEL\u0130')
COMMIT
INSERT INTO DISTRICTS VALUES(1133,28,'ALUCRA')
COMMIT
INSERT INTO DISTRICTS VALUES(1212,28,'BULANCAK')
COMMIT
INSERT INTO DISTRICTS VALUES(1893,28,'\u00c7AMOLUK')
COMMIT
INSERT INTO DISTRICTS VALUES(1894,28,'\u00c7ANAK\u00c7I')
COMMIT
INSERT INTO DISTRICTS VALUES(1272,28,'DEREL\u0130')
COMMIT
INSERT INTO DISTRICTS VALUES(1912,28,'DO\u011eANKENT')
COMMIT
INSERT INTO DISTRICTS VALUES(1320,28,'ESP\u0130YE')
COMMIT
INSERT INTO DISTRICTS VALUES(1324,28,'EYNES\u0130L')
COMMIT
INSERT INTO DISTRICTS VALUES(1361,28,'G\u00d6RELE')
COMMIT
INSERT INTO DISTRICTS VALUES(1930,28,'G\u00dcCE')
COMMIT
INSERT INTO DISTRICTS VALUES(1465,28,'KE\u015eAP')
COMMIT
INSERT INTO DISTRICTS VALUES(1352,28,'MERKEZ')
COMMIT
INSERT INTO DISTRICTS VALUES(1837,28,'P\u0130RAZ\u0130Z')
COMMIT
INSERT INTO DISTRICTS VALUES(1654,28,'\u015eEB\u0130NKARAH\u0130SAR')
COMMIT
INSERT INTO DISTRICTS VALUES(1678,28,'T\u0130REBOLU')
COMMIT
INSERT INTO DISTRICTS VALUES(1854,28,'YA\u011eLIDERE')
COMMIT
INSERT INTO DISTRICTS VALUES(1458,29,'KELK\u0130T')
COMMIT
INSERT INTO DISTRICTS VALUES(1822,29,'K\u00d6SE')
COMMIT
INSERT INTO DISTRICTS VALUES(1971,29,'K\u00dcRT\u00dcN')
COMMIT
INSERT INTO DISTRICTS VALUES(1369,29,'MERKEZ')
COMMIT
INSERT INTO DISTRICTS VALUES(1660,29,'\u015e\u0130RAN')
COMMIT
INSERT INTO DISTRICTS VALUES(1684,29,'TORUL')
COMMIT
INSERT INTO DISTRICTS VALUES(1261,30,'\u00c7UKURCA')
COMMIT
INSERT INTO DISTRICTS VALUES(2107,30,'DEREC\u0130K')
COMMIT
INSERT INTO DISTRICTS VALUES(1377,30,'MERKEZ')
COMMIT
INSERT INTO DISTRICTS VALUES(1656,30,'\u015eEMD\u0130NL\u0130')
COMMIT
INSERT INTO DISTRICTS VALUES(1737,30,'Y\u00dcKSEKOVA')
COMMIT
INSERT INTO DISTRICTS VALUES(1131,31,'ALTIN\u00d6Z\u00dc')
COMMIT
INSERT INTO DISTRICTS VALUES(2080,31,'ANTAKYA')
COMMIT
INSERT INTO DISTRICTS VALUES(2081,31,'ARSUZ')
COMMIT
INSERT INTO DISTRICTS VALUES(1887,31,'BELEN')
COMMIT
INSERT INTO DISTRICTS VALUES(2082,31,'DEFNE')
COMMIT
INSERT INTO DISTRICTS VALUES(1289,31,'D\u00d6RTYOL')
COMMIT
INSERT INTO DISTRICTS VALUES(1792,31,'ERZ\u0130N')
COMMIT
INSERT INTO DISTRICTS VALUES(1382,31,'HASSA')
COMMIT
INSERT INTO DISTRICTS VALUES(1413,31,'\u0130SKENDERUN')
COMMIT
INSERT INTO DISTRICTS VALUES(1468,31,'KIRIKHAN')
COMMIT
INSERT INTO DISTRICTS VALUES(1970,31,'KUMLU')
COMMIT
INSERT INTO DISTRICTS VALUES(2083,31,'PAYAS')
COMMIT
INSERT INTO DISTRICTS VALUES(1585,31,'REYHANLI')
COMMIT
INSERT INTO DISTRICTS VALUES(1591,31,'SAMANDA\u011e')
COMMIT
INSERT INTO DISTRICTS VALUES(1721,31,'YAYLADA\u011eI')
COMMIT
INSERT INTO DISTRICTS VALUES(1755,32,'AKSU')
COMMIT
INSERT INTO DISTRICTS VALUES(1154,32,'ATABEY')
COMMIT
INSERT INTO DISTRICTS VALUES(1297,32,'E\u011e\u0130RD\u0130R')
COMMIT
INSERT INTO DISTRICTS VALUES(1341,32,'GELENDOST')
COMMIT
INSERT INTO DISTRICTS VALUES(1929,32,'G\u00d6NEN')
COMMIT
INSERT INTO DISTRICTS VALUES(1456,32,'KE\u00c7\u0130BORLU')
COMMIT
INSERT INTO DISTRICTS VALUES(1401,32,'MERKEZ')
COMMIT
INSERT INTO DISTRICTS VALUES(1615,32,'SEN\u0130RKENT')
COMMIT
INSERT INTO DISTRICTS VALUES(1648,32,'S\u00dcT\u00c7\u00dcLER')
COMMIT
INSERT INTO DISTRICTS VALUES(1651,32,'\u015eARK\u0130KARAA\u011eA\u00c7')
COMMIT
INSERT INTO DISTRICTS VALUES(1699,32,'ULUBORLU')
COMMIT
INSERT INTO DISTRICTS VALUES(1717,32,'YALVA\u00c7')
COMMIT
INSERT INTO DISTRICTS VALUES(2001,32,'YEN\u0130\u015eARBADEML\u0130')
COMMIT
INSERT INTO DISTRICTS VALUES(2064,33,'AKDEN\u0130Z')
COMMIT
INSERT INTO DISTRICTS VALUES(1135,33,'ANAMUR')
COMMIT
INSERT INTO DISTRICTS VALUES(1766,33,'AYDINCIK')
COMMIT
INSERT INTO DISTRICTS VALUES(1779,33,'BOZYAZI')
COMMIT
INSERT INTO DISTRICTS VALUES(1892,33,'\u00c7AMLIYAYLA')
COMMIT
INSERT INTO DISTRICTS VALUES(1311,33,'ERDEML\u0130')
COMMIT
INSERT INTO DISTRICTS VALUES(1366,33,'G\u00dcLNAR')
COMMIT
INSERT INTO DISTRICTS VALUES(2065,33,'MEZ\u0130TL\u0130')
COMMIT
INSERT INTO DISTRICTS VALUES(1536,33,'MUT')
COMMIT
INSERT INTO DISTRICTS VALUES(1621,33,'S\u0130L\u0130FKE')
COMMIT
INSERT INTO DISTRICTS VALUES(1665,33,'TARSUS')
COMMIT
INSERT INTO DISTRICTS VALUES(2066,33,'TOROSLAR')
COMMIT
INSERT INTO DISTRICTS VALUES(2067,33,'YEN\u0130\u015eEH\u0130R')
COMMIT
INSERT INTO DISTRICTS VALUES(1103,34,'ADALAR')
COMMIT
INSERT INTO DISTRICTS VALUES(2048,34,'ARNAVUTK\u00d6Y')
COMMIT
INSERT INTO DISTRICTS VALUES(2049,34,'ATA\u015eEH\u0130R')
COMMIT
INSERT INTO DISTRICTS VALUES(2003,34,'AVCILAR')
COMMIT
INSERT INTO DISTRICTS VALUES(2004,34,'BA\u011eCILAR')
COMMIT
INSERT INTO DISTRICTS VALUES(2005,34,'BAH\u00c7EL\u0130EVLER')
COMMIT
INSERT INTO DISTRICTS VALUES(1166,34,'BAKIRK\u00d6Y')
COMMIT
INSERT INTO DISTRICTS VALUES(2050,34,'BA\u015eAK\u015eEH\u0130R')
COMMIT
INSERT INTO DISTRICTS VALUES(1886,34,'BAYRAMPA\u015eA')
COMMIT
INSERT INTO DISTRICTS VALUES(1183,34,'BE\u015e\u0130KTA\u015e')
COMMIT
INSERT INTO DISTRICTS VALUES(1185,34,'BEYKOZ')
COMMIT
INSERT INTO DISTRICTS VALUES(2051,34,'BEYL\u0130KD\u00dcZ\u00dc')
COMMIT
INSERT INTO DISTRICTS VALUES(1186,34,'BEYO\u011eLU')
COMMIT
INSERT INTO DISTRICTS VALUES(1782,34,'B\u00dcY\u00dcK\u00c7EKMECE')
COMMIT
INSERT INTO DISTRICTS VALUES(1237,34,'\u00c7ATALCA')
COMMIT
INSERT INTO DISTRICTS VALUES(2052,34,'\u00c7EKMEK\u00d6Y')
COMMIT
INSERT INTO DISTRICTS VALUES(2016,34,'ESENLER')
COMMIT
INSERT INTO DISTRICTS VALUES(2053,34,'ESENYURT')
COMMIT
INSERT INTO DISTRICTS VALUES(1325,34,'EY\u00dcPSULTAN')
COMMIT
INSERT INTO DISTRICTS VALUES(1327,34,'FAT\u0130H')
COMMIT
INSERT INTO DISTRICTS VALUES(1336,34,'GAZ\u0130OSMANPA\u015eA')
COMMIT
INSERT INTO DISTRICTS VALUES(2010,34,'G\u00dcNG\u00d6REN')
COMMIT
INSERT INTO DISTRICTS VALUES(1421,34,'KADIK\u00d6Y')
COMMIT
INSERT INTO DISTRICTS VALUES(1810,34,'KA\u011eITHANE')
COMMIT
INSERT INTO DISTRICTS VALUES(1449,34,'KARTAL')
COMMIT
INSERT INTO DISTRICTS VALUES(1823,34,'K\u00dc\u00c7\u00dcK\u00c7EKMECE')
COMMIT
INSERT INTO DISTRICTS VALUES(2012,34,'MALTEPE')
COMMIT
INSERT INTO DISTRICTS VALUES(1835,34,'PEND\u0130K')
COMMIT
INSERT INTO DISTRICTS VALUES(2054,34,'SANCAKTEPE')
COMMIT
INSERT INTO DISTRICTS VALUES(1604,34,'SARIYER')
COMMIT
INSERT INTO DISTRICTS VALUES(1622,34,'S\u0130L\u0130VR\u0130')
COMMIT
INSERT INTO DISTRICTS VALUES(2014,34,'SULTANBEYL\u0130')
COMMIT
INSERT INTO DISTRICTS VALUES(2055,34,'SULTANGAZ\u0130')
COMMIT
INSERT INTO DISTRICTS VALUES(1659,34,'\u015e\u0130LE')
COMMIT
INSERT INTO DISTRICTS VALUES(1663,34,'\u015e\u0130\u015eL\u0130')
COMMIT
INSERT INTO DISTRICTS VALUES(2015,34,'TUZLA')
COMMIT
INSERT INTO DISTRICTS VALUES(1852,34,'\u00dcMRAN\u0130YE')
COMMIT
INSERT INTO DISTRICTS VALUES(1708,34,'\u00dcSK\u00dcDAR')
COMMIT
INSERT INTO DISTRICTS VALUES(1739,34,'ZEYT\u0130NBURNU')
COMMIT
INSERT INTO DISTRICTS VALUES(1128,35,'AL\u0130A\u011eA')
COMMIT
INSERT INTO DISTRICTS VALUES(2006,35,'BAL\u00c7OVA')
COMMIT
INSERT INTO DISTRICTS VALUES(1178,35,'BAYINDIR')
COMMIT
INSERT INTO DISTRICTS VALUES(2056,35,'BAYRAKLI')
COMMIT
INSERT INTO DISTRICTS VALUES(1181,35,'BERGAMA')
COMMIT
INSERT INTO DISTRICTS VALUES(1776,35,'BEYDA\u011e')
COMMIT
INSERT INTO DISTRICTS VALUES(1203,35,'BORNOVA')
COMMIT
INSERT INTO DISTRICTS VALUES(1780,35,'BUCA')
COMMIT
INSERT INTO DISTRICTS VALUES(1251,35,'\u00c7E\u015eME')
COMMIT
INSERT INTO DISTRICTS VALUES(2007,35,'\u00c7\u0130\u011eL\u0130')
COMMIT
INSERT INTO DISTRICTS VALUES(1280,35,'D\u0130K\u0130L\u0130')
COMMIT
INSERT INTO DISTRICTS VALUES(1334,35,'FO\u00c7A')
COMMIT
INSERT INTO DISTRICTS VALUES(2009,35,'GAZ\u0130EM\u0130R')
COMMIT
INSERT INTO DISTRICTS VALUES(2018,35,'G\u00dcZELBAH\u00c7E')
COMMIT
INSERT INTO DISTRICTS VALUES(2057,35,'KARABA\u011eLAR')
COMMIT
INSERT INTO DISTRICTS VALUES(1432,35,'KARABURUN')
COMMIT
INSERT INTO DISTRICTS VALUES(1448,35,'KAR\u015eIYAKA')
COMMIT
INSERT INTO DISTRICTS VALUES(1461,35,'KEMALPA\u015eA')
COMMIT
INSERT INTO DISTRICTS VALUES(1467,35,'KINIK')
COMMIT
INSERT INTO DISTRICTS VALUES(1477,35,'K\u0130RAZ')
COMMIT
INSERT INTO DISTRICTS VALUES(1819,35,'KONAK')
COMMIT
INSERT INTO DISTRICTS VALUES(1826,35,'MENDERES')
COMMIT
INSERT INTO DISTRICTS VALUES(1521,35,'MENEMEN')
COMMIT
INSERT INTO DISTRICTS VALUES(2013,35,'NARLIDERE')
COMMIT
INSERT INTO DISTRICTS VALUES(1563,35,'\u00d6DEM\u0130\u015e')
COMMIT
INSERT INTO DISTRICTS VALUES(1611,35,'SEFER\u0130H\u0130SAR')
COMMIT
INSERT INTO DISTRICTS VALUES(1612,35,'SEL\u00c7UK')
COMMIT
INSERT INTO DISTRICTS VALUES(1677,35,'T\u0130RE')
COMMIT
INSERT INTO DISTRICTS VALUES(1682,35,'TORBALI')
COMMIT
INSERT INTO DISTRICTS VALUES(1703,35,'URLA')
COMMIT
INSERT INTO DISTRICTS VALUES(1756,36,'AKYAKA')
COMMIT
INSERT INTO DISTRICTS VALUES(1149,36,'ARPA\u00c7AY')
COMMIT
INSERT INTO DISTRICTS VALUES(1279,36,'D\u0130GOR')
COMMIT
INSERT INTO DISTRICTS VALUES(1424,36,'KA\u011eIZMAN')
COMMIT
INSERT INTO DISTRICTS VALUES(1447,36,'MERKEZ')
COMMIT
INSERT INTO DISTRICTS VALUES(1601,36,'SARIKAMI\u015e')
COMMIT
INSERT INTO DISTRICTS VALUES(1614,36,'SEL\u0130M')
COMMIT
INSERT INTO DISTRICTS VALUES(1645,36,'SUSUZ')
COMMIT
INSERT INTO DISTRICTS VALUES(1101,37,'ABANA')
COMMIT
INSERT INTO DISTRICTS VALUES(1867,37,'A\u011eLI')
COMMIT
INSERT INTO DISTRICTS VALUES(1140,37,'ARA\u00c7')
COMMIT
INSERT INTO DISTRICTS VALUES(1162,37,'AZDAVAY')
COMMIT
INSERT INTO DISTRICTS VALUES(1208,37,'BOZKURT')
COMMIT
INSERT INTO DISTRICTS VALUES(1221,37,'C\u0130DE')
COMMIT
INSERT INTO DISTRICTS VALUES(1238,37,'\u00c7ATALZEYT\u0130N')
COMMIT
INSERT INTO DISTRICTS VALUES(1264,37,'DADAY')
COMMIT
INSERT INTO DISTRICTS VALUES(1277,37,'DEVREKAN\u0130')
COMMIT
INSERT INTO DISTRICTS VALUES(1915,37,'DO\u011eANYURT')
COMMIT
INSERT INTO DISTRICTS VALUES(1940,37,'HAN\u00d6N\u00dc')
COMMIT
INSERT INTO DISTRICTS VALUES(1805,37,'\u0130HSANGAZ\u0130')
COMMIT
INSERT INTO DISTRICTS VALUES(1410,37,'\u0130NEBOLU')
COMMIT
INSERT INTO DISTRICTS VALUES(1499,37,'K\u00dcRE')
COMMIT
INSERT INTO DISTRICTS VALUES(1450,37,'MERKEZ')
COMMIT
INSERT INTO DISTRICTS VALUES(1836,37,'PINARBA\u015eI')
COMMIT
INSERT INTO DISTRICTS VALUES(1984,37,'SEYD\u0130LER')
COMMIT
INSERT INTO DISTRICTS VALUES(1845,37,'\u015eENPAZAR')
COMMIT
INSERT INTO DISTRICTS VALUES(1666,37,'TA\u015eK\u00d6PR\u00dc')
COMMIT
INSERT INTO DISTRICTS VALUES(1685,37,'TOSYA')
COMMIT
INSERT INTO DISTRICTS VALUES(1752,38,'AKKI\u015eLA')
COMMIT
INSERT INTO DISTRICTS VALUES(1218,38,'B\u00dcNYAN')
COMMIT
INSERT INTO DISTRICTS VALUES(1275,38,'DEVEL\u0130')
COMMIT
INSERT INTO DISTRICTS VALUES(1330,38,'FELAH\u0130YE')
COMMIT
INSERT INTO DISTRICTS VALUES(1936,38,'HACILAR')
COMMIT
INSERT INTO DISTRICTS VALUES(1409,38,'\u0130NCESU')
COMMIT
INSERT INTO DISTRICTS VALUES(1863,38,'KOCAS\u0130NAN')
COMMIT
INSERT INTO DISTRICTS VALUES(1864,38,'MEL\u0130KGAZ\u0130')
COMMIT
INSERT INTO DISTRICTS VALUES(1978,38,'\u00d6ZVATAN')
COMMIT
INSERT INTO DISTRICTS VALUES(1576,38,'PINARBA\u015eI')
COMMIT
INSERT INTO DISTRICTS VALUES(1603,38,'SARIO\u011eLAN')
COMMIT
INSERT INTO DISTRICTS VALUES(1605,38,'SARIZ')
COMMIT
INSERT INTO DISTRICTS VALUES(1846,38,'TALAS')
COMMIT
INSERT INTO DISTRICTS VALUES(1680,38,'TOMARZA')
COMMIT
INSERT INTO DISTRICTS VALUES(1715,38,'YAHYALI')
COMMIT
INSERT INTO DISTRICTS VALUES(1727,38,'YE\u015e\u0130LH\u0130SAR')
COMMIT
INSERT INTO DISTRICTS VALUES(1163,39,'BABAESK\u0130')
COMMIT
INSERT INTO DISTRICTS VALUES(1270,39,'DEM\u0130RK\u00d6Y')
COMMIT
INSERT INTO DISTRICTS VALUES(1480,39,'KOF\u00c7AZ')
COMMIT
INSERT INTO DISTRICTS VALUES(1505,39,'L\u00dcLEBURGAZ')
COMMIT
INSERT INTO DISTRICTS VALUES(1471,39,'MERKEZ')
COMMIT
INSERT INTO DISTRICTS VALUES(1572,39,'PEHL\u0130VANK\u00d6Y')
COMMIT
INSERT INTO DISTRICTS VALUES(1577,39,'PINARH\u0130SAR')
COMMIT
INSERT INTO DISTRICTS VALUES(1714,39,'V\u0130ZE')
COMMIT
INSERT INTO DISTRICTS VALUES(1869,40,'AK\u00c7AKENT')
COMMIT
INSERT INTO DISTRICTS VALUES(1754,40,'AKPINAR')
COMMIT
INSERT INTO DISTRICTS VALUES(1890,40,'BOZTEPE')
COMMIT
INSERT INTO DISTRICTS VALUES(1254,40,'\u00c7\u0130\u00c7EKDA\u011eI')
COMMIT
INSERT INTO DISTRICTS VALUES(1429,40,'KAMAN')
COMMIT
INSERT INTO DISTRICTS VALUES(1472,40,'MERKEZ')
COMMIT
INSERT INTO DISTRICTS VALUES(1529,40,'MUCUR')
COMMIT
INSERT INTO DISTRICTS VALUES(2058,41,'BA\u015e\u0130SKELE')
COMMIT
INSERT INTO DISTRICTS VALUES(2059,41,'\u00c7AYIROVA')
COMMIT
INSERT INTO DISTRICTS VALUES(2060,41,'DARICA')
COMMIT
INSERT INTO DISTRICTS VALUES(2030,41,'DER\u0130NCE')
COMMIT
INSERT INTO DISTRICTS VALUES(2061,41,'D\u0130LOVASI')
COMMIT
INSERT INTO DISTRICTS VALUES(1338,41,'GEBZE')
COMMIT
INSERT INTO DISTRICTS VALUES(1355,41,'G\u00d6LC\u00dcK')
COMMIT
INSERT INTO DISTRICTS VALUES(2062,41,'\u0130ZM\u0130T')
COMMIT
INSERT INTO DISTRICTS VALUES(1430,41,'KANDIRA')
COMMIT
INSERT INTO DISTRICTS VALUES(1440,41,'KARAM\u00dcRSEL')
COMMIT
INSERT INTO DISTRICTS VALUES(2063,41,'KARTEPE')
COMMIT
INSERT INTO DISTRICTS VALUES(1821,41,'K\u00d6RFEZ')
COMMIT
INSERT INTO DISTRICTS VALUES(1868,42,'AHIRLI')
COMMIT
INSERT INTO DISTRICTS VALUES(1753,42,'AK\u00d6REN')
COMMIT
INSERT INTO DISTRICTS VALUES(1122,42,'AK\u015eEH\u0130R')
COMMIT
INSERT INTO DISTRICTS VALUES(1760,42,'ALTINEK\u0130N')
COMMIT
INSERT INTO DISTRICTS VALUES(1188,42,'BEY\u015eEH\u0130R')
COMMIT
INSERT INTO DISTRICTS VALUES(1207,42,'BOZKIR')
COMMIT
INSERT INTO DISTRICTS VALUES(1222,42,'C\u0130HANBEYL\u0130')
COMMIT
INSERT INTO DISTRICTS VALUES(1902,42,'\u00c7ELT\u0130K')
COMMIT
INSERT INTO DISTRICTS VALUES(1262,42,'\u00c7UMRA')
COMMIT
INSERT INTO DISTRICTS VALUES(1907,42,'DERBENT')
COMMIT
INSERT INTO DISTRICTS VALUES(1789,42,'DEREBUCAK')
COMMIT
INSERT INTO DISTRICTS VALUES(1285,42,'DO\u011eANH\u0130SAR')
COMMIT
INSERT INTO DISTRICTS VALUES(1920,42,'EM\u0130RGAZ\u0130')
COMMIT
INSERT INTO DISTRICTS VALUES(1312,42,'ERE\u011eL\u0130')
COMMIT
INSERT INTO DISTRICTS VALUES(1933,42,'G\u00dcNEYSINIR')
COMMIT
INSERT INTO DISTRICTS VALUES(1375,42,'HAD\u0130M')
COMMIT
INSERT INTO DISTRICTS VALUES(1937,42,'HALKAPINAR')
COMMIT
INSERT INTO DISTRICTS VALUES(1804,42,'H\u00dcY\u00dcK')
COMMIT
INSERT INTO DISTRICTS VALUES(1400,42,'ILGIN')
COMMIT
INSERT INTO DISTRICTS VALUES(1422,42,'KADINHANI')
COMMIT
INSERT INTO DISTRICTS VALUES(1441,42,'KARAPINAR')
COMMIT
INSERT INTO DISTRICTS VALUES(1814,42,'KARATAY')
COMMIT
INSERT INTO DISTRICTS VALUES(1491,42,'KULU')
COMMIT
INSERT INTO DISTRICTS VALUES(1827,42,'MERAM')
COMMIT
INSERT INTO DISTRICTS VALUES(1598,42,'SARAY\u00d6N\u00dc')
COMMIT
INSERT INTO DISTRICTS VALUES(1839,42,'SEL\u00c7UKLU')
COMMIT
INSERT INTO DISTRICTS VALUES(1617,42,'SEYD\u0130\u015eEH\u0130R')
COMMIT
INSERT INTO DISTRICTS VALUES(1848,42,'TA\u015eKENT')
COMMIT
INSERT INTO DISTRICTS VALUES(1990,42,'TUZLUK\u00c7U')
COMMIT
INSERT INTO DISTRICTS VALUES(1994,42,'YALIH\u00dcY\u00dcK')
COMMIT
INSERT INTO DISTRICTS VALUES(1735,42,'YUNAK')
COMMIT
INSERT INTO DISTRICTS VALUES(1132,43,'ALTINTA\u015e')
COMMIT
INSERT INTO DISTRICTS VALUES(1764,43,'ASLANAPA')
COMMIT
INSERT INTO DISTRICTS VALUES(1898,43,'\u00c7AVDARH\u0130SAR')
COMMIT
INSERT INTO DISTRICTS VALUES(1288,43,'DOMAN\u0130\u00c7')
COMMIT
INSERT INTO DISTRICTS VALUES(1790,43,'DUMLUPINAR')
COMMIT
INSERT INTO DISTRICTS VALUES(1304,43,'EMET')
COMMIT
INSERT INTO DISTRICTS VALUES(1339,43,'GED\u0130Z')
COMMIT
INSERT INTO DISTRICTS VALUES(1802,43,'H\u0130SARCIK')
COMMIT
INSERT INTO DISTRICTS VALUES(1500,43,'MERKEZ')
COMMIT
INSERT INTO DISTRICTS VALUES(1979,43,'PAZARLAR')
COMMIT
INSERT INTO DISTRICTS VALUES(1625,43,'S\u0130MAV')
COMMIT
INSERT INTO DISTRICTS VALUES(1843,43,'\u015eAPHANE')
COMMIT
INSERT INTO DISTRICTS VALUES(1671,43,'TAV\u015eANLI')
COMMIT
INSERT INTO DISTRICTS VALUES(1114,44,'AK\u00c7ADA\u011e')
COMMIT
INSERT INTO DISTRICTS VALUES(1143,44,'ARAPG\u0130R')
COMMIT
INSERT INTO DISTRICTS VALUES(1148,44,'ARGUVAN')
COMMIT
INSERT INTO DISTRICTS VALUES(1772,44,'BATTALGAZ\u0130')
COMMIT
INSERT INTO DISTRICTS VALUES(1265,44,'DARENDE')
COMMIT
INSERT INTO DISTRICTS VALUES(1286,44,'DO\u011eAN\u015eEH\u0130R')
COMMIT
INSERT INTO DISTRICTS VALUES(1914,44,'DO\u011eANYOL')
COMMIT
INSERT INTO DISTRICTS VALUES(1390,44,'HEK\u0130MHAN')
COMMIT
INSERT INTO DISTRICTS VALUES(1953,44,'KALE')
COMMIT
INSERT INTO DISTRICTS VALUES(1969,44,'KULUNCAK')
COMMIT
INSERT INTO DISTRICTS VALUES(1582,44,'P\u00dcT\u00dcRGE')
COMMIT
INSERT INTO DISTRICTS VALUES(1995,44,'YAZIHAN')
COMMIT
INSERT INTO DISTRICTS VALUES(1729,44,'YE\u015e\u0130LYURT')
COMMIT
INSERT INTO DISTRICTS VALUES(1751,45,'AHMETL\u0130')
COMMIT
INSERT INTO DISTRICTS VALUES(1118,45,'AKH\u0130SAR')
COMMIT
INSERT INTO DISTRICTS VALUES(1127,45,'ALA\u015eEH\u0130R')
COMMIT
INSERT INTO DISTRICTS VALUES(1269,45,'DEM\u0130RC\u0130')
COMMIT
INSERT INTO DISTRICTS VALUES(1793,45,'G\u00d6LMARMARA')
COMMIT
INSERT INTO DISTRICTS VALUES(1362,45,'G\u00d6RDES')
COMMIT
INSERT INTO DISTRICTS VALUES(1470,45,'KIRKA\u011eA\u00c7')
COMMIT
INSERT INTO DISTRICTS VALUES(1965,45,'K\u00d6PR\u00dcBA\u015eI')
COMMIT
INSERT INTO DISTRICTS VALUES(1489,45,'KULA')
COMMIT
INSERT INTO DISTRICTS VALUES(1590,45,'SAL\u0130HL\u0130')
COMMIT
INSERT INTO DISTRICTS VALUES(1600,45,'SARIG\u00d6L')
COMMIT
INSERT INTO DISTRICTS VALUES(1606,45,'SARUHANLI')
COMMIT
INSERT INTO DISTRICTS VALUES(1613,45,'SELEND\u0130')
COMMIT
INSERT INTO DISTRICTS VALUES(1634,45,'SOMA')
COMMIT
INSERT INTO DISTRICTS VALUES(2086,45,'\u015eEHZADELER')
COMMIT
INSERT INTO DISTRICTS VALUES(1689,45,'TURGUTLU')
COMMIT
INSERT INTO DISTRICTS VALUES(2087,45,'YUNUSEMRE')
COMMIT
INSERT INTO DISTRICTS VALUES(1107,46,'AF\u015e\u0130N')
COMMIT
INSERT INTO DISTRICTS VALUES(1136,46,'ANDIRIN')
COMMIT
INSERT INTO DISTRICTS VALUES(1785,46,'\u00c7A\u011eLAYANCER\u0130T')
COMMIT
INSERT INTO DISTRICTS VALUES(2084,46,'DULKAD\u0130RO\u011eLU')
COMMIT
INSERT INTO DISTRICTS VALUES(1919,46,'EK\u0130N\u00d6Z\u00dc')
COMMIT
INSERT INTO DISTRICTS VALUES(1299,46,'ELB\u0130STAN')
COMMIT
INSERT INTO DISTRICTS VALUES(1353,46,'G\u00d6KSUN')
COMMIT
INSERT INTO DISTRICTS VALUES(1975,46,'NURHAK')
COMMIT
INSERT INTO DISTRICTS VALUES(2085,46,'ON\u0130K\u0130\u015eUBAT')
COMMIT
INSERT INTO DISTRICTS VALUES(1570,46,'PAZARCIK')
COMMIT
INSERT INTO DISTRICTS VALUES(1694,46,'T\u00dcRKO\u011eLU')
COMMIT
INSERT INTO DISTRICTS VALUES(2088,47,'ARTUKLU')
COMMIT
INSERT INTO DISTRICTS VALUES(1787,47,'DARGE\u00c7\u0130T')
COMMIT
INSERT INTO DISTRICTS VALUES(1273,47,'DER\u0130K')
COMMIT
INSERT INTO DISTRICTS VALUES(1474,47,'KIZILTEPE')
COMMIT
INSERT INTO DISTRICTS VALUES(1519,47,'MAZIDA\u011eI')
COMMIT
INSERT INTO DISTRICTS VALUES(1526,47,'M\u0130DYAT')
COMMIT
INSERT INTO DISTRICTS VALUES(1547,47,'NUSAYB\u0130N')
COMMIT
INSERT INTO DISTRICTS VALUES(1564,47,'\u00d6MERL\u0130')
COMMIT
INSERT INTO DISTRICTS VALUES(1609,47,'SAVUR')
COMMIT
INSERT INTO DISTRICTS VALUES(2002,47,'YE\u015e\u0130LL\u0130')
COMMIT
INSERT INTO DISTRICTS VALUES(1197,48,'BODRUM')
COMMIT
INSERT INTO DISTRICTS VALUES(1742,48,'DALAMAN')
COMMIT
INSERT INTO DISTRICTS VALUES(1266,48,'DAT\u00c7A')
COMMIT
INSERT INTO DISTRICTS VALUES(1331,48,'FETH\u0130YE')
COMMIT
INSERT INTO DISTRICTS VALUES(1958,48,'KAVAKLIDERE')
COMMIT
INSERT INTO DISTRICTS VALUES(1488,48,'K\u00d6YCE\u011e\u0130Z')
COMMIT
INSERT INTO DISTRICTS VALUES(1517,48,'MARMAR\u0130S')
COMMIT
INSERT INTO DISTRICTS VALUES(2089,48,'MENTE\u015eE')
COMMIT
INSERT INTO DISTRICTS VALUES(1528,48,'M\u0130LAS')
COMMIT
INSERT INTO DISTRICTS VALUES(1831,48,'ORTACA')
COMMIT
INSERT INTO DISTRICTS VALUES(2090,48,'SEYD\u0130KEMER')
COMMIT
INSERT INTO DISTRICTS VALUES(1695,48,'ULA')
COMMIT
INSERT INTO DISTRICTS VALUES(1719,48,'YATA\u011eAN')
COMMIT
INSERT INTO DISTRICTS VALUES(1213,49,'BULANIK')
COMMIT
INSERT INTO DISTRICTS VALUES(1801,49,'HASK\u00d6Y')
COMMIT
INSERT INTO DISTRICTS VALUES(1964,49,'KORKUT')
COMMIT
INSERT INTO DISTRICTS VALUES(1510,49,'MALAZG\u0130RT')
COMMIT
INSERT INTO DISTRICTS VALUES(1534,49,'MERKEZ')
COMMIT
INSERT INTO DISTRICTS VALUES(1711,49,'VARTO')
COMMIT
INSERT INTO DISTRICTS VALUES(1749,50,'ACIG\u00d6L')
COMMIT
INSERT INTO DISTRICTS VALUES(1155,50,'AVANOS')
COMMIT
INSERT INTO DISTRICTS VALUES(1274,50,'DER\u0130NKUYU')
COMMIT
INSERT INTO DISTRICTS VALUES(1367,50,'G\u00dcL\u015eEH\u0130R')
COMMIT
INSERT INTO DISTRICTS VALUES(1374,50,'HACIBEKTA\u015e')
COMMIT
INSERT INTO DISTRICTS VALUES(1485,50,'KOZAKLI')
COMMIT
INSERT INTO DISTRICTS VALUES(1543,50,'MERKEZ')
COMMIT
INSERT INTO DISTRICTS VALUES(1707,50,'\u00dcRG\u00dcP')
COMMIT
INSERT INTO DISTRICTS VALUES(1876,51,'ALTUNH\u0130SAR')
COMMIT
INSERT INTO DISTRICTS VALUES(1201,51,'BOR')
COMMIT
INSERT INTO DISTRICTS VALUES(1225,51,'\u00c7AMARDI')
COMMIT
INSERT INTO DISTRICTS VALUES(1904,51,'\u00c7\u0130FTL\u0130K')
COMMIT
INSERT INTO DISTRICTS VALUES(1544,51,'MERKEZ')
COMMIT
INSERT INTO DISTRICTS VALUES(1700,51,'ULUKI\u015eLA')
COMMIT
INSERT INTO DISTRICTS VALUES(1119,52,'AKKU\u015e')
COMMIT
INSERT INTO DISTRICTS VALUES(2103,52,'ALTINORDU')
COMMIT
INSERT INTO DISTRICTS VALUES(1158,52,'AYBASTI')
COMMIT
INSERT INTO DISTRICTS VALUES(1891,52,'\u00c7AMA\u015e')
COMMIT
INSERT INTO DISTRICTS VALUES(1897,52,'\u00c7ATALPINAR')
COMMIT
INSERT INTO DISTRICTS VALUES(1900,52,'\u00c7AYBA\u015eI')
COMMIT
INSERT INTO DISTRICTS VALUES(1328,52,'FATSA')
COMMIT
INSERT INTO DISTRICTS VALUES(1358,52,'G\u00d6LK\u00d6Y')
COMMIT
INSERT INTO DISTRICTS VALUES(1795,52,'G\u00dcLYALI')
COMMIT
INSERT INTO DISTRICTS VALUES(1797,52,'G\u00dcRGENTEPE')
COMMIT
INSERT INTO DISTRICTS VALUES(1947,52,'\u0130K\u0130ZCE')
COMMIT
INSERT INTO DISTRICTS VALUES(1950,52,'KABAD\u00dcZ')
COMMIT
INSERT INTO DISTRICTS VALUES(1951,52,'KABATA\u015e')
COMMIT
INSERT INTO DISTRICTS VALUES(1482,52,'KORGAN')
COMMIT
INSERT INTO DISTRICTS VALUES(1493,52,'KUMRU')
COMMIT
INSERT INTO DISTRICTS VALUES(1525,52,'MESUD\u0130YE')
COMMIT
INSERT INTO DISTRICTS VALUES(1573,52,'PER\u015eEMBE')
COMMIT
INSERT INTO DISTRICTS VALUES(1696,52,'ULUBEY')
COMMIT
INSERT INTO DISTRICTS VALUES(1706,52,'\u00dcNYE')
COMMIT
INSERT INTO DISTRICTS VALUES(1146,53,'ARDE\u015eEN')
COMMIT
INSERT INTO DISTRICTS VALUES(1228,53,'\u00c7AMLIHEM\u015e\u0130N')
COMMIT
INSERT INTO DISTRICTS VALUES(1241,53,'\u00c7AYEL\u0130')
COMMIT
INSERT INTO DISTRICTS VALUES(1908,53,'DEREPAZARI')
COMMIT
INSERT INTO DISTRICTS VALUES(1332,53,'FINDIKLI')
COMMIT
INSERT INTO DISTRICTS VALUES(1796,53,'G\u00dcNEYSU')
COMMIT
INSERT INTO DISTRICTS VALUES(1943,53,'HEM\u015e\u0130N')
COMMIT
INSERT INTO DISTRICTS VALUES(1405,53,'\u0130K\u0130ZDERE')
COMMIT
INSERT INTO DISTRICTS VALUES(1949,53,'\u0130Y\u0130DERE')
COMMIT
INSERT INTO DISTRICTS VALUES(1428,53,'KALKANDERE')
COMMIT
INSERT INTO DISTRICTS VALUES(1586,53,'MERKEZ')
COMMIT
INSERT INTO DISTRICTS VALUES(1569,53,'PAZAR')
COMMIT
INSERT INTO DISTRICTS VALUES(2068,54,'ADAPAZARI')
COMMIT
INSERT INTO DISTRICTS VALUES(1123,54,'AKYAZI')
COMMIT
INSERT INTO DISTRICTS VALUES(2069,54,'AR\u0130F\u0130YE')
COMMIT
INSERT INTO DISTRICTS VALUES(2070,54,'ERENLER')
COMMIT
INSERT INTO DISTRICTS VALUES(1925,54,'FER\u0130ZL\u0130')
COMMIT
INSERT INTO DISTRICTS VALUES(1351,54,'GEYVE')
COMMIT
INSERT INTO DISTRICTS VALUES(1391,54,'HENDEK')
COMMIT
INSERT INTO DISTRICTS VALUES(1955,54,'KARAP\u00dcR\u00c7EK')
COMMIT
INSERT INTO DISTRICTS VALUES(1442,54,'KARASU')
COMMIT
INSERT INTO DISTRICTS VALUES(1453,54,'KAYNARCA')
COMMIT
INSERT INTO DISTRICTS VALUES(1818,54,'KOCAAL\u0130')
COMMIT
INSERT INTO DISTRICTS VALUES(1833,54,'PAMUKOVA')
COMMIT
INSERT INTO DISTRICTS VALUES(1595,54,'SAPANCA')
COMMIT
INSERT INTO DISTRICTS VALUES(2071,54,'SERD\u0130VAN')
COMMIT
INSERT INTO DISTRICTS VALUES(1986,54,'S\u00d6\u011e\u00dcTL\u00dc')
COMMIT
INSERT INTO DISTRICTS VALUES(1847,54,'TARAKLI')
COMMIT
INSERT INTO DISTRICTS VALUES(1125,55,'ALA\u00c7AM')
COMMIT
INSERT INTO DISTRICTS VALUES(1763,55,'ASARCIK')
COMMIT
INSERT INTO DISTRICTS VALUES(2072,55,'ATAKUM')
COMMIT
INSERT INTO DISTRICTS VALUES(1879,55,'AYVACIK')
COMMIT
INSERT INTO DISTRICTS VALUES(1164,55,'BAFRA')
COMMIT
INSERT INTO DISTRICTS VALUES(2073,55,'CAN\u0130K')
COMMIT
INSERT INTO DISTRICTS VALUES(1234,55,'\u00c7AR\u015eAMBA')
COMMIT
INSERT INTO DISTRICTS VALUES(1386,55,'HAVZA')
COMMIT
INSERT INTO DISTRICTS VALUES(2074,55,'\u0130LKADIM')
COMMIT
INSERT INTO DISTRICTS VALUES(1452,55,'KAVAK')
COMMIT
INSERT INTO DISTRICTS VALUES(1501,55,'LAD\u0130K')
COMMIT
INSERT INTO DISTRICTS VALUES(1838,55,'SALIPAZARI')
COMMIT
INSERT INTO DISTRICTS VALUES(1849,55,'TEKKEK\u00d6Y')
COMMIT
INSERT INTO DISTRICTS VALUES(1676,55,'TERME')
COMMIT
INSERT INTO DISTRICTS VALUES(1712,55,'VEZ\u0130RK\u00d6PR\u00dc')
COMMIT
INSERT INTO DISTRICTS VALUES(1993,55,'YAKAKENT')
COMMIT
INSERT INTO DISTRICTS VALUES(1830,55,'19 MAYIS')
COMMIT
INSERT INTO DISTRICTS VALUES(1179,56,'BAYKAN')
COMMIT
INSERT INTO DISTRICTS VALUES(1317,56,'ERUH')
COMMIT
INSERT INTO DISTRICTS VALUES(1495,56,'KURTALAN')
COMMIT
INSERT INTO DISTRICTS VALUES(1620,56,'MERKEZ')
COMMIT
INSERT INTO DISTRICTS VALUES(1575,56,'PERVAR\u0130')
COMMIT
INSERT INTO DISTRICTS VALUES(1662,56,'\u015e\u0130RVAN')
COMMIT
INSERT INTO DISTRICTS VALUES(1878,56,'T\u0130LLO')
COMMIT
INSERT INTO DISTRICTS VALUES(1156,57,'AYANCIK')
COMMIT
INSERT INTO DISTRICTS VALUES(1204,57,'BOYABAT')
COMMIT
INSERT INTO DISTRICTS VALUES(1910,57,'D\u0130KMEN')
COMMIT
INSERT INTO DISTRICTS VALUES(1290,57,'DURA\u011eAN')
COMMIT
INSERT INTO DISTRICTS VALUES(1314,57,'ERFELEK')
COMMIT
INSERT INTO DISTRICTS VALUES(1349,57,'GERZE')
COMMIT
INSERT INTO DISTRICTS VALUES(1627,57,'MERKEZ')
COMMIT
INSERT INTO DISTRICTS VALUES(1981,57,'SARAYD\u00dcZ\u00dc')
COMMIT
INSERT INTO DISTRICTS VALUES(1693,57,'T\u00dcRKEL\u0130')
COMMIT
INSERT INTO DISTRICTS VALUES(1870,58,'AKINCILAR')
COMMIT
INSERT INTO DISTRICTS VALUES(1875,58,'ALTINYAYLA')
COMMIT
INSERT INTO DISTRICTS VALUES(1282,58,'D\u0130VR\u0130\u011e\u0130')
COMMIT
INSERT INTO DISTRICTS VALUES(1913,58,'DO\u011eAN\u015eAR')
COMMIT
INSERT INTO DISTRICTS VALUES(1342,58,'GEMEREK')
COMMIT
INSERT INTO DISTRICTS VALUES(1927,58,'G\u00d6LOVA')
COMMIT
INSERT INTO DISTRICTS VALUES(1373,58,'G\u00dcR\u00dcN')
COMMIT
INSERT INTO DISTRICTS VALUES(1376,58,'HAF\u0130K')
COMMIT
INSERT INTO DISTRICTS VALUES(1407,58,'\u0130MRANLI')
COMMIT
INSERT INTO DISTRICTS VALUES(1431,58,'KANGAL')
COMMIT
INSERT INTO DISTRICTS VALUES(1484,58,'KOYULH\u0130SAR')
COMMIT
INSERT INTO DISTRICTS VALUES(1628,58,'MERKEZ')
COMMIT
INSERT INTO DISTRICTS VALUES(1646,58,'SU\u015eEHR\u0130')
COMMIT
INSERT INTO DISTRICTS VALUES(1650,58,'\u015eARKI\u015eLA')
COMMIT
INSERT INTO DISTRICTS VALUES(1991,58,'ULA\u015e')
COMMIT
INSERT INTO DISTRICTS VALUES(1731,58,'YILDIZEL\u0130')
COMMIT
INSERT INTO DISTRICTS VALUES(1738,58,'ZARA')
COMMIT
INSERT INTO DISTRICTS VALUES(1250,59,'\u00c7ERKEZK\u00d6Y')
COMMIT
INSERT INTO DISTRICTS VALUES(1258,59,'\u00c7ORLU')
COMMIT
INSERT INTO DISTRICTS VALUES(2094,59,'ERGENE')
COMMIT
INSERT INTO DISTRICTS VALUES(1388,59,'HAYRABOLU')
COMMIT
INSERT INTO DISTRICTS VALUES(2095,59,'KAPAKLI')
COMMIT
INSERT INTO DISTRICTS VALUES(1511,59,'MALKARA')
COMMIT
INSERT INTO DISTRICTS VALUES(1825,59,'MARMARAERE\u011eL\u0130S\u0130')
COMMIT
INSERT INTO DISTRICTS VALUES(1538,59,'MURATLI')
COMMIT
INSERT INTO DISTRICTS VALUES(1596,59,'SARAY')
COMMIT
INSERT INTO DISTRICTS VALUES(2096,59,'S\u00dcLEYMANPA\u015eA')
COMMIT
INSERT INTO DISTRICTS VALUES(1652,59,'\u015eARK\u00d6Y')
COMMIT
INSERT INTO DISTRICTS VALUES(1129,60,'ALMUS')
COMMIT
INSERT INTO DISTRICTS VALUES(1151,60,'ARTOVA')
COMMIT
INSERT INTO DISTRICTS VALUES(1883,60,'BA\u015e\u00c7\u0130FTL\u0130K')
COMMIT
INSERT INTO DISTRICTS VALUES(1308,60,'ERBAA')
COMMIT
INSERT INTO DISTRICTS VALUES(1679,60,'MERKEZ')
COMMIT
INSERT INTO DISTRICTS VALUES(1545,60,'N\u0130KSAR')
COMMIT
INSERT INTO DISTRICTS VALUES(1834,60,'PAZAR')
COMMIT
INSERT INTO DISTRICTS VALUES(1584,60,'RE\u015eAD\u0130YE')
COMMIT
INSERT INTO DISTRICTS VALUES(1987,60,'SULUSARAY')
COMMIT
INSERT INTO DISTRICTS VALUES(1690,60,'TURHAL')
COMMIT
INSERT INTO DISTRICTS VALUES(1858,60,'YE\u015e\u0130LYURT')
COMMIT
INSERT INTO DISTRICTS VALUES(1740,60,'Z\u0130LE')
COMMIT
INSERT INTO DISTRICTS VALUES(1113,61,'AK\u00c7AABAT')
COMMIT
INSERT INTO DISTRICTS VALUES(1141,61,'ARAKLI')
COMMIT
INSERT INTO DISTRICTS VALUES(1150,61,'ARS\u0130N')
COMMIT
INSERT INTO DISTRICTS VALUES(1775,61,'BE\u015e\u0130KD\u00dcZ\u00dc')
COMMIT
INSERT INTO DISTRICTS VALUES(1896,61,'\u00c7AR\u015eIBA\u015eI')
COMMIT
INSERT INTO DISTRICTS VALUES(1244,61,'\u00c7AYKARA')
COMMIT
INSERT INTO DISTRICTS VALUES(1909,61,'DERNEKPAZARI')
COMMIT
INSERT INTO DISTRICTS VALUES(1917,61,'D\u00dcZK\u00d6Y')
COMMIT
INSERT INTO DISTRICTS VALUES(1942,61,'HAYRAT')
COMMIT
INSERT INTO DISTRICTS VALUES(1966,61,'K\u00d6PR\u00dcBA\u015eI')
COMMIT
INSERT INTO DISTRICTS VALUES(1507,61,'MA\u00c7KA')
COMMIT
INSERT INTO DISTRICTS VALUES(1548,61,'OF')
COMMIT
INSERT INTO DISTRICTS VALUES(2097,61,'ORTAH\u0130SAR')
COMMIT
INSERT INTO DISTRICTS VALUES(1647,61,'S\u00dcRMENE')
COMMIT
INSERT INTO DISTRICTS VALUES(1842,61,'\u015eALPAZARI')
COMMIT
INSERT INTO DISTRICTS VALUES(1681,61,'TONYA')
COMMIT
INSERT INTO DISTRICTS VALUES(1709,61,'VAKFIKEB\u0130R')
COMMIT
INSERT INTO DISTRICTS VALUES(1732,61,'YOMRA')
COMMIT
INSERT INTO DISTRICTS VALUES(1247,62,'\u00c7EM\u0130\u015eGEZEK')
COMMIT
INSERT INTO DISTRICTS VALUES(1397,62,'HOZAT')
COMMIT
INSERT INTO DISTRICTS VALUES(1518,62,'MAZG\u0130RT')
COMMIT
INSERT INTO DISTRICTS VALUES(1688,62,'MERKEZ')
COMMIT
INSERT INTO DISTRICTS VALUES(1541,62,'NAZIM\u0130YE')
COMMIT
INSERT INTO DISTRICTS VALUES(1562,62,'OVACIK')
COMMIT
INSERT INTO DISTRICTS VALUES(1574,62,'PERTEK')
COMMIT
INSERT INTO DISTRICTS VALUES(1581,62,'P\u00dcL\u00dcM\u00dcR')
COMMIT
INSERT INTO DISTRICTS VALUES(1115,63,'AK\u00c7AKALE')
COMMIT
INSERT INTO DISTRICTS VALUES(1194,63,'B\u0130REC\u0130K')
COMMIT
INSERT INTO DISTRICTS VALUES(1209,63,'BOZOVA')
COMMIT
INSERT INTO DISTRICTS VALUES(1220,63,'CEYLANPINAR')
COMMIT
INSERT INTO DISTRICTS VALUES(2091,63,'EYY\u00dcB\u0130YE')
COMMIT
INSERT INTO DISTRICTS VALUES(1378,63,'HALFET\u0130')
COMMIT
INSERT INTO DISTRICTS VALUES(2092,63,'HAL\u0130L\u0130YE')
COMMIT
INSERT INTO DISTRICTS VALUES(1800,63,'HARRAN')
COMMIT
INSERT INTO DISTRICTS VALUES(1393,63,'H\u0130LVAN')
COMMIT
INSERT INTO DISTRICTS VALUES(2093,63,'KARAK\u00d6PR\u00dc')
COMMIT
INSERT INTO DISTRICTS VALUES(1630,63,'S\u0130VEREK')
COMMIT
INSERT INTO DISTRICTS VALUES(1643,63,'SURU\u00c7')
COMMIT
INSERT INTO DISTRICTS VALUES(1713,63,'V\u0130RAN\u015eEH\u0130R')
COMMIT
INSERT INTO DISTRICTS VALUES(1170,64,'BANAZ')
COMMIT
INSERT INTO DISTRICTS VALUES(1323,64,'E\u015eME')
COMMIT
INSERT INTO DISTRICTS VALUES(1436,64,'KARAHALLI')
COMMIT
INSERT INTO DISTRICTS VALUES(1704,64,'MERKEZ')
COMMIT
INSERT INTO DISTRICTS VALUES(1629,64,'S\u0130VASLI')
COMMIT
INSERT INTO DISTRICTS VALUES(1697,64,'ULUBEY')
COMMIT
INSERT INTO DISTRICTS VALUES(1770,65,'BAH\u00c7ESARAY')
COMMIT
INSERT INTO DISTRICTS VALUES(1175,65,'BA\u015eKALE')
COMMIT
INSERT INTO DISTRICTS VALUES(1786,65,'\u00c7ALDIRAN')
COMMIT
INSERT INTO DISTRICTS VALUES(1236,65,'\u00c7ATAK')
COMMIT
INSERT INTO DISTRICTS VALUES(1918,65,'EDREM\u0130T')
COMMIT
INSERT INTO DISTRICTS VALUES(1309,65,'ERC\u0130\u015e')
COMMIT
INSERT INTO DISTRICTS VALUES(1350,65,'GEVA\u015e')
COMMIT
INSERT INTO DISTRICTS VALUES(1372,65,'G\u00dcRPINAR')
COMMIT
INSERT INTO DISTRICTS VALUES(2098,65,'\u0130PEKYOLU')
COMMIT
INSERT INTO DISTRICTS VALUES(1533,65,'MURAD\u0130YE')
COMMIT
INSERT INTO DISTRICTS VALUES(1565,65,'\u00d6ZALP')
COMMIT
INSERT INTO DISTRICTS VALUES(1980,65,'SARAY')
COMMIT
INSERT INTO DISTRICTS VALUES(2099,65,'TU\u015eBA')
COMMIT
INSERT INTO DISTRICTS VALUES(1117,66,'AKDA\u011eMADEN\u0130')
COMMIT
INSERT INTO DISTRICTS VALUES(1877,66,'AYDINCIK')
COMMIT
INSERT INTO DISTRICTS VALUES(1198,66,'BO\u011eAZLIYAN')
COMMIT
INSERT INTO DISTRICTS VALUES(1895,66,'\u00c7ANDIR')
COMMIT
INSERT INTO DISTRICTS VALUES(1242,66,'\u00c7AYIRALAN')
COMMIT
INSERT INTO DISTRICTS VALUES(1245,66,'\u00c7EKEREK')
COMMIT
INSERT INTO DISTRICTS VALUES(1952,66,'KADI\u015eEHR\u0130')
COMMIT
INSERT INTO DISTRICTS VALUES(1733,66,'MERKEZ')
COMMIT
INSERT INTO DISTRICTS VALUES(1982,66,'SARAYKENT')
COMMIT
INSERT INTO DISTRICTS VALUES(1602,66,'SARIKAYA')
COMMIT
INSERT INTO DISTRICTS VALUES(1635,66,'SORGUN')
COMMIT
INSERT INTO DISTRICTS VALUES(1655,66,'\u015eEFAATL\u0130')
COMMIT
INSERT INTO DISTRICTS VALUES(1998,66,'YEN\u0130FAKILI')
COMMIT
INSERT INTO DISTRICTS VALUES(1726,66,'YERK\u00d6Y')
COMMIT
INSERT INTO DISTRICTS VALUES(1758,67,'ALAPLI')
COMMIT
INSERT INTO DISTRICTS VALUES(1240,67,'\u00c7AYCUMA')
COMMIT
INSERT INTO DISTRICTS VALUES(1276,67,'DEVREK')
COMMIT
INSERT INTO DISTRICTS VALUES(1313,67,'ERE\u011eL\u0130')
COMMIT
INSERT INTO DISTRICTS VALUES(1926,67,'G\u00d6K\u00c7EBEY')
COMMIT
INSERT INTO DISTRICTS VALUES(2100,67,'K\u0130L\u0130ML\u0130')
COMMIT
INSERT INTO DISTRICTS VALUES(2101,67,'KOZLU')
COMMIT
INSERT INTO DISTRICTS VALUES(1741,67,'MERKEZ')
COMMIT
INSERT INTO DISTRICTS VALUES(1860,68,'A\u011eA\u00c7\u00d6REN')
COMMIT
INSERT INTO DISTRICTS VALUES(1921,68,'ESK\u0130L')
COMMIT
INSERT INTO DISTRICTS VALUES(1932,68,'G\u00dcLA\u011eA\u00c7')
COMMIT
INSERT INTO DISTRICTS VALUES(1861,68,'G\u00dcZELYURT')
COMMIT
INSERT INTO DISTRICTS VALUES(1120,68,'MERKEZ')
COMMIT
INSERT INTO DISTRICTS VALUES(1557,68,'ORTAK\u00d6Y')
COMMIT
INSERT INTO DISTRICTS VALUES(1866,68,'SARIYAH\u015e\u0130')
COMMIT
INSERT INTO DISTRICTS VALUES(2106,68,'SULTANHANI')
COMMIT
INSERT INTO DISTRICTS VALUES(1767,69,'AYDINTEPE')
COMMIT
INSERT INTO DISTRICTS VALUES(1788,69,'DEM\u0130R\u00d6Z\u00dc')
COMMIT
INSERT INTO DISTRICTS VALUES(1176,69,'MERKEZ')
COMMIT
INSERT INTO DISTRICTS VALUES(1768,70,'AYRANCI')
COMMIT
INSERT INTO DISTRICTS VALUES(1884,70,'BA\u015eYAYLA')
COMMIT
INSERT INTO DISTRICTS VALUES(1316,70,'ERMENEK')
COMMIT
INSERT INTO DISTRICTS VALUES(1862,70,'KAZIMKARABEK\u0130R')
COMMIT
INSERT INTO DISTRICTS VALUES(1439,70,'MERKEZ')
COMMIT
INSERT INTO DISTRICTS VALUES(1983,70,'SARIVEL\u0130LER')
COMMIT
INSERT INTO DISTRICTS VALUES(1880,71,'BAH\u015e\u0130L\u0130')
COMMIT
INSERT INTO DISTRICTS VALUES(1882,71,'BALI\u015eEYH')
COMMIT
INSERT INTO DISTRICTS VALUES(1901,71,'\u00c7ELEB\u0130')
COMMIT
INSERT INTO DISTRICTS VALUES(1268,71,'DEL\u0130CE')
COMMIT
INSERT INTO DISTRICTS VALUES(1954,71,'KARAKE\u00c7\u0130L\u0130')
COMMIT
INSERT INTO DISTRICTS VALUES(1463,71,'KESK\u0130N')
COMMIT
INSERT INTO DISTRICTS VALUES(1469,71,'MERKEZ')
COMMIT
INSERT INTO DISTRICTS VALUES(1638,71,'SULAKYURT')
COMMIT
INSERT INTO DISTRICTS VALUES(1992,71,'YAH\u015e\u0130HAN')
COMMIT
INSERT INTO DISTRICTS VALUES(1184,72,'BE\u015e\u0130R\u0130')
COMMIT
INSERT INTO DISTRICTS VALUES(1345,72,'GERC\u00dc\u015e')
COMMIT
INSERT INTO DISTRICTS VALUES(1941,72,'HASANKEYF')
COMMIT
INSERT INTO DISTRICTS VALUES(1487,72,'KOZLUK')
COMMIT
INSERT INTO DISTRICTS VALUES(1174,72,'MERKEZ')
COMMIT
INSERT INTO DISTRICTS VALUES(1607,72,'SASON')
COMMIT
INSERT INTO DISTRICTS VALUES(1189,73,'BEYT\u00dc\u015e\u015eEBAP')
COMMIT
INSERT INTO DISTRICTS VALUES(1223,73,'C\u0130ZRE')
COMMIT
INSERT INTO DISTRICTS VALUES(1931,73,'G\u00dc\u00c7L\u00dcKONAK')
COMMIT
INSERT INTO DISTRICTS VALUES(1403,73,'\u0130D\u0130L')
COMMIT
INSERT INTO DISTRICTS VALUES(1661,73,'MERKEZ')
COMMIT
INSERT INTO DISTRICTS VALUES(1623,73,'S\u0130LOP\u0130')
COMMIT
INSERT INTO DISTRICTS VALUES(1698,73,'ULUDERE')
COMMIT
INSERT INTO DISTRICTS VALUES(1761,74,'AMASRA')
COMMIT
INSERT INTO DISTRICTS VALUES(1496,74,'KURUCA\u015e\u0130LE')
COMMIT
INSERT INTO DISTRICTS VALUES(1172,74,'MERKEZ')
COMMIT
INSERT INTO DISTRICTS VALUES(1701,74,'ULUS')
COMMIT
INSERT INTO DISTRICTS VALUES(1252,75,'\u00c7ILDIR')
COMMIT
INSERT INTO DISTRICTS VALUES(2008,75,'DAMAL')
COMMIT
INSERT INTO DISTRICTS VALUES(1356,75,'G\u00d6LE')
COMMIT
INSERT INTO DISTRICTS VALUES(1380,75,'HANAK')
COMMIT
INSERT INTO DISTRICTS VALUES(1144,75,'MERKEZ')
COMMIT
INSERT INTO DISTRICTS VALUES(1579,75,'POSOF')
COMMIT
INSERT INTO DISTRICTS VALUES(1142,76,'ARALIK')
COMMIT
INSERT INTO DISTRICTS VALUES(2011,76,'KARAKOYUNLU')
COMMIT
INSERT INTO DISTRICTS VALUES(1398,76,'MERKEZ')
COMMIT
INSERT INTO DISTRICTS VALUES(1692,76,'TUZLUCA')
COMMIT
INSERT INTO DISTRICTS VALUES(2019,77,'ALTINOVA')
COMMIT
INSERT INTO DISTRICTS VALUES(2020,77,'ARMUTLU')
COMMIT
INSERT INTO DISTRICTS VALUES(2021,77,'\u00c7INARCIK')
COMMIT
INSERT INTO DISTRICTS VALUES(2022,77,'\u00c7\u0130FTL\u0130KK\u00d6Y')
COMMIT
INSERT INTO DISTRICTS VALUES(1716,77,'MERKEZ')
COMMIT
INSERT INTO DISTRICTS VALUES(2026,77,'TERMAL')
COMMIT
INSERT INTO DISTRICTS VALUES(1296,78,'EFLAN\u0130')
COMMIT
INSERT INTO DISTRICTS VALUES(1321,78,'ESK\u0130PAZAR')
COMMIT
INSERT INTO DISTRICTS VALUES(1433,78,'MERKEZ')
COMMIT
INSERT INTO DISTRICTS VALUES(1561,78,'OVACIK')
COMMIT
INSERT INTO DISTRICTS VALUES(1587,78,'SAFRANBOLU')
COMMIT
INSERT INTO DISTRICTS VALUES(1856,78,'YEN\u0130CE')
COMMIT
INSERT INTO DISTRICTS VALUES(2023,79,'ELBEYL\u0130')
COMMIT
INSERT INTO DISTRICTS VALUES(1476,79,'MERKEZ')
COMMIT
INSERT INTO DISTRICTS VALUES(2024,79,'MUSABEYL\u0130')
COMMIT
INSERT INTO DISTRICTS VALUES(2025,79,'POLATEL\u0130')
COMMIT
INSERT INTO DISTRICTS VALUES(1165,80,'BAH\u00c7E')
COMMIT
INSERT INTO DISTRICTS VALUES(1743,80,'D\u00dcZ\u0130\u00c7\u0130')
COMMIT
INSERT INTO DISTRICTS VALUES(2027,80,'HASANBEYL\u0130')
COMMIT
INSERT INTO DISTRICTS VALUES(1423,80,'KAD\u0130RL\u0130')
COMMIT
INSERT INTO DISTRICTS VALUES(1560,80,'MERKEZ')
COMMIT
INSERT INTO DISTRICTS VALUES(2028,80,'SUMBAS')
COMMIT
INSERT INTO DISTRICTS VALUES(2029,80,'TOPRAKKALE')
COMMIT
INSERT INTO DISTRICTS VALUES(1116,81,'AK\u00c7AKOCA')
COMMIT
INSERT INTO DISTRICTS VALUES(1784,81,'CUMAYER\u0130')
COMMIT
INSERT INTO DISTRICTS VALUES(1905,81,'\u00c7\u0130L\u0130ML\u0130')
COMMIT
INSERT INTO DISTRICTS VALUES(1794,81,'G\u00d6LYAKA')
COMMIT
INSERT INTO DISTRICTS VALUES(2017,81,'G\u00dcM\u00dc\u015eOVA')
COMMIT
INSERT INTO DISTRICTS VALUES(2031,81,'KAYNA\u015eLI')
COMMIT
INSERT INTO DISTRICTS VALUES(1292,81,'MERKEZ')
COMMIT
INSERT INTO DISTRICTS VALUES(1730,81,'YI\u011eILCA')
COMMIT
INSERT INTO STUDENTS VALUES(1,'AFYONKARAH\u0130SAR','This is a description.','\u0130HSAN\u0130YE','(+55) 555-555-55-55','Abdullah Emre','\u00c7elik')
COMMIT
INSERT INTO STUDENTS VALUES(2,'ANKARA','This is a description.','EVREN','(+33) 333-333-33-33','H\u00fcseyin','Y\u0131lmaz')
COMMIT
INSERT INTO STUDENTS VALUES(3,'SAMSUN','This is a description.','\u00c7AR\u015eAMBA','(+11) 111-111-11-11','Ahmet','Sa\u011flam')
COMMIT
INSERT INTO STUDENTS VALUES(4,'ANKARA','This is a description.','ALTINDA\u011e','(+12) 312-412-31-21','Eren','\u00c7elik')
COMMIT
INSERT INTO STUDENTS VALUES(5,'ARTV\u0130N','This is a description.','HOPA','(+61) 241-251-23-21','Erva','\u00c7elik')
COMMIT
INSERT INTO STUDENTS VALUES(6,'ADIYAMAN','This is a description.','GERGER','(+51) 361-421-31-24','Mustafa','\u00d6zkan')
COMMIT
